<?xml version="1.0" encoding="UTF-8"?>
<robot generator="Rebot 7.0 (Python 3.11.5 on win32)" generated="2024-09-29T09:33:21.983479" rpa="false" schemaversion="5">
<suite id="s1" name="Test2" source="Z:\robot\API-BRP\tests\test2.robot">
<test id="s1-t1" name="Scenario Outline 01 - Verify translations for Ends on and Models on Promotion Page and Promotion Banner" line="9">
<for flavor="IN">
<iter>
<kw name="Set Variable" owner="BuiltIn">
<msg time="2024-09-29T09:33:13.833802" level="INFO">${url_dictionary} = https://can-am.brp.com/libs/cq/i18n/dict.EN-CA.json</msg>
<var>${url_dictionary}</var>
<arg>${${lang}}</arg>
<doc>Returns the given values which can then be assigned to a variables.</doc>
<status status="PASS" start="2024-09-29T09:33:13.833802" elapsed="0.000000"/>
</kw>
<kw name="Set Variable" owner="BuiltIn">
<msg time="2024-09-29T09:33:13.833802" level="INFO">${models} = Models</msg>
<var>${models}</var>
<arg>${${lang}_MODELS}</arg>
<doc>Returns the given values which can then be assigned to a variables.</doc>
<status status="PASS" start="2024-09-29T09:33:13.833802" elapsed="0.000000"/>
</kw>
<kw name="Set Variable" owner="BuiltIn">
<msg time="2024-09-29T09:33:13.833802" level="INFO">${ends_on_pow} = Ends on {0}</msg>
<var>${ends_on_pow}</var>
<arg>${${lang}_ENDS_ON_POW}</arg>
<doc>Returns the given values which can then be assigned to a variables.</doc>
<status status="PASS" start="2024-09-29T09:33:13.833802" elapsed="0.000000"/>
</kw>
<kw name="Set Variable" owner="BuiltIn">
<msg time="2024-09-29T09:33:13.833802" level="INFO">${ends_on} = Ends on</msg>
<var>${ends_on}</var>
<arg>${${lang}_ENDS_ON}</arg>
<doc>Returns the given values which can then be assigned to a variables.</doc>
<status status="PASS" start="2024-09-29T09:33:13.833802" elapsed="0.000000"/>
</kw>
<kw name="Set Variable" owner="BuiltIn">
<msg time="2024-09-29T09:33:13.833802" level="INFO">${deal_and_offers} = Deal and offers</msg>
<var>${deal_and_offers}</var>
<arg>${${lang}_DEAL_AND_OFFERS}</arg>
<doc>Returns the given values which can then be assigned to a variables.</doc>
<status status="PASS" start="2024-09-29T09:33:13.833802" elapsed="0.000000"/>
</kw>
<kw name="Run Keyword And Continue On Failure" owner="BuiltIn">
<kw name="Scenario Outline 01 - Verify translations for Ends on and Models on Promotion Page and Promotion Banner">
<kw name="GIVEN client sends GET request to filter endpoint" owner="filter_keywords">
<kw name="Create Session" owner="RequestsLibrary">
<msg time="2024-09-29T09:33:13.833802" level="INFO">Creating Session using : alias=filters, url=https://can-am.brp.com/libs/cq/i18n/dict.EN-CA.json, headers={},                     cookies={}, auth=None, timeout=None, proxies=None, verify=True,                     debug=0 </msg>
<arg>filters</arg>
<arg>${URL_DICTIONARY}</arg>
<arg>verify=true</arg>
<doc>Create Session: create a HTTP session to a server</doc>
<status status="PASS" start="2024-09-29T09:33:13.833802" elapsed="0.000000"/>
</kw>
<kw name="Get On Session" owner="RequestsLibrary">
<msg time="2024-09-29T09:33:14.303439" level="INFO">GET Request : url=https://can-am.brp.com/libs/cq/i18n/dict.EN-CA.json/https://can-am.brp.com/libs/cq/i18n/dict.EN-CA.json 
 path_url=/libs/cq/i18n/dict.EN-CA.json/https://can-am.brp.com/libs/cq/i18n/dict.EN-CA.json 
 headers={'User-Agent': 'python-requests/2.31.0', 'Accept-Encoding': 'gzip, deflate', 'Accept': '*/*', 'Connection': 'keep-alive'} 
 body=None 
 </msg>
<msg time="2024-09-29T09:33:14.303439" level="INFO">GET Response : url=https://can-am.brp.com/libs/cq/i18n/dict.EN-CA.json/https://can-am.brp.com/libs/cq/i18n/dict.EN-CA.json 
 status=200, reason=OK 
 headers={'Content-Length': '17523', 'strict-transport-security': 'max-age=63072000; includeSubdomains;preload', 'x-frame-options': 'SAMEORIGIN', 'Permissions-Policy': 'geolocation=(self)', 'referrer-policy': 'no-referrer-when-downgrade', 'ETag': 'W/"18f3e-623413b9fc10c-gzip"', 'Last-Modified': 'Sun, 29 Sep 2024 12:29:00 GMT', 'Accept-Ranges': 'bytes', 'Content-Encoding': 'gzip', 'Content-Type': 'application/json;charset=utf-8', 'X-Content-Type-Options': 'nosniff', 'X-Served-By': 'cache-gru-sbsp2090047-GRU', 'X-Timer': 'S1727612940.366307,VS0,VS0,VE136', 'Cache-Control': 'public, max-age=1209596', 'Expires': 'Sun, 13 Oct 2024 12:28:56 GMT', 'Date': 'Sun, 29 Sep 2024 12:29:00 GMT', 'Connection': 'keep-alive', 'Vary': 'Accept-Encoding', 'Set-Cookie': 'affinity="a6aa25c05ad2aa2b"; Path=/; HttpOnly; secure, akacd_prd_mig=1727613240~rv=48~id=d43e9c4c736a4aef9201d63c861d1669; path=/; Expires=Sun, 29 Sep 2024 12:34:00 GMT; Secure; SameSite=None', 'Content-Security-Policy': "default-src *.groupepdi.com *.net-fs.com *.onetrust.com *.cookielaw.org alumacraft.com *.alumacraft.com *.manitoupontoonboats.com *.wufoo.com unpkg.com *.yandex.ru my.matterport.com airtable.com ds-aksb-a.akamaihd.net monkeys-fist-for-brp.com *.myfeelback.com mfb.li mailchi.mp *.cdninstagram.com *.stackla.com fareharbor.com *.peek.com *.salecycle.com story.brplynx.com *.cloudfront.net mpembed.com *.googleadservices.com *.slideshare.net *.hotjar.com *.typekit.net *.bootstrapcdn.com *.salesforce.com *.omtrdc.net service.force.com *.adobedtm.com *.google.ca *.gstatic.com *.azurewebsites.net *.lightboxcdn.com *.salesforceliveagent.com *.force.com *.moatads.com *.youtube.com *.addthisedge.com *.addthis.com *.cloudflare.com *.doubleclick.net *.brp.com *.facebook.net *.azureedge.net *.google-analytics.com *.googletagmanager.com *.googleapis.com *.google.com *.demdex.net *.day.com *.everesttech.net *.scene7.com *.amazon-adsystem.com *.facebook.com *.googleusercontent.com *.lightboxapi.com *.womenofonroadgroups.com *.canamonroadcommunity.com canamonroadcommunity.com *.learntoride3wheel.com *.limelightplatformevents.com *.valuemytradein.com *.zencdn.net *.zlthunder.net cdn.knightlab.com *.mdex.net *.sea-doo.com *.ski-doo.com *.brpdigital.net tags.tiqcdn.com brp--c.documentforce.com collect.tealiumiq.com *.teads.tv brp.my.salesforce-sites.com cdn.jsdelivr.net stconsumercaseapip01.blob.core.windows.net arttrk.com *.yimg.com www.filepicker.io *.unchartedsociety.com *.qualtrics.com sp.analytics.yahoo.com *.adsrvr.org alb.reddit.com *.googlesyndication.com *.attribution.adswizz.com bf11981lkb.bf.dynatrace.com *.contentsquare.net data.adxcel-ec2.com s.pinimg.com yulvr.ca www.redditstatic.com  ct.pinterest.com 'unsafe-inline' 'unsafe-eval' blob: data: 'self';"} 
 body={"fd_&lt;p&gt;Detailed information on the processing of personal data can be found within the&amp;nbsp;&lt;a rel=\"nofollow\" target=\"_blank\" data-clickable-id=\"clickable-5\"&gt;&lt;\/a&gt;&lt;a href=\"/content/brp-x/en_us/privacy-policy.html\" target=\"_blank\" data-clickable-id=\"clickable-7\"&gt;Privacy Policy&lt;\/a&gt;. You may withdraw or modify your consent at any time by communicating with&amp;nbsp;&lt;a rel=\"nofollow\" target=\"_blank\" data-clickable-id=\"clickable-6\"&gt;&lt;\/a&gt;&lt;a href=\"mailto:privacyofficer@brp.com\" data-clickable-id=\"clickable-8\"&gt;privacyofficer@brp.com&lt;\/a&gt;.&lt;\/p&gt;\n":"&lt;p&gt;Detailed information on the processing of personal data can be found within the&amp;nbsp;&lt;a rel=\"nofollow\" target=\"_blank\" data-clickable-id=\"clickable-5\"&gt;&lt;\/a&gt;&lt;a href=\"/content/brp-x/en_ca/privacy-policy.html\" target=\"_blank\" data-clickable-id=\"clickable-7\"&gt;Privacy Policy&lt;\/a&gt;. You may withdraw or modify your consent at any time by communicating with&amp;nbsp;&lt;a rel=\"nofollow\" target=\"_blank\" data-clickable-id=\"clickable-6\"&gt;&lt;\/a&gt;&lt;a href=\"mailto:privacyofficer@brp.com\" data-clickable-id=\"clickable-8\"&gt;privacyofficer@brp.com&lt;\/a&gt;.TEST&lt;\/p&gt;","{0} with transportation and preparation. ((Product price including transportation and preparation))":"","Smart Lok Differential ((Label for Smart Lok Differential Vehicle feature))":"Smart Lok Differential","Open":"Open","On entry package, transportation and preparation may vary based on selection. ((Model price disclaimer))":"MSRP on entry package, transportation and preparation fees may vary based on selection.","Excludes taxes and registration fees. Accessory installation costs might not be included. Dealers may sell for a different price. Vehicle may not be exactly as shown. The model selected might not be available at the dealership. For full and accurate vehicle pricing information, please contact your local dealer for a detailed quote and availability. ((Product price disclaimer (tooltip)))":"Excludes taxes and registration fees. Accessory installation costs might not be included. Depending on your geographic position, certain additional fees might be applicable. Dealers may sell for a different price. Please note the vehicle may not be exactly as shown, and selected models and accessories might not be available at the dealership. For full and accurate vehicle pricing information, please contact your local dealer for a detailed quote and availability.","Side-by-Side ((Product Data - Vehicle Type))":"Side-by-Side","Outboard Engine ((Dealer Locator - Type of product sold by a dealer))":"Outboard Engine","This site uses cookies to ensure you have the best experience. By browsing this site, you are agreeing to our use of cookies in accordance with our Privacy Policy. Find out more on cookies and how to manage your settings on our Cookie Policy. ((Consent message))":"This site uses cookies to ensure you have the best experience. By browsing this site, you are agreeing to our use of cookies in accordance with our Privacy Policy. Find out more on cookies and how to manage your settings on our Cookie Policy.","This site uses cookies to ensure you have the best experience. By browsing this site, you are agreeing to our use of cookies in accordance with our Privacy Policy. Find out more on cookies and how to manage your settings on our Cookie Policy.":"This site uses cookies to ensure you have the best experience. By browsing this site, you are agreeing to our use of cookies in accordance with our Privacy Policy. Find out more on cookies and how to manage your settings on our Cookie Policy.","Excludes freight, delivery charge, taxes and registration fees. Dealers may sell for a different price. Vehicle may not be exactly as shown. The model selectedmight not be available at the dealership. For full and accurate vehicle pricing information, please contact your local dealer for a detailed quote and availability.":"This Manufacturer Suggested Retail Price (MSRP) excludes freight, delivery charge, taxes and registration fees. Accessory installation costs might not be included. Depending on your geographic position, certain additional fees might be applicable. Dealers may sell for a different price. Please note the vehicle may not be exactly as shown, and selected models and accessories might not be available at the dealership. For full and accurate vehicle pricing information, please contact your local dealer for a detailed quote and availability.","Payment calculator":"Payment calculator","Share":"Share","Link to model page":"Link to model page","Dropdown toggle button":"Dropdown toggle button","Language button":"Language button","Get Local Price ((menu-text))":"Get Local Price","Download comparison sheet ((Label for Download comparison sheet))":"Download comparison sheet","Share ((label for Share))":"Share","engineTorque ((Trim details property))":"Torque","vehicleDimensionsGroundClearance ((Trim details property))":"Ground clearance","vehicleDimensionsDryWeight ((Trim details property))":"Dry weight","featuresFeatures ((Trim details property))":"Features","engineCubicCapacity ((Trim details property))":"Engine displacement","enginePower ((Trim details property))":"Power","vehicleDimensionsWheelbase ((Trim details property))":"Wheelbase","vehicleDimensionsSeatHeight ((Trim details property))":"Seat height","engineBoreAndStroke ((Trim details property))":"Bore &amp; stroke","engineDisplacement ((Trim details property))":"Cylinders &amp; Displacement","engineEngineDetails ((Trim details property))":"Engine details ","engineCylinders ((Trim details property))":"Cylinders","instrumentationType ((Trim details property))":"Type","capacityRiderCapacity ((Trim details property))":"Rider capacity","capacityMaximumVehicleLoad ((Trim details property))":"Maximum vehicle load","capacityFuelCapacity ((Trim details property))":"Fuel capacity","capacityFuelType ((Trim details property))":"Fuel Type","chassisFrontSuspension ((Trim details property))":"Front suspension","chassisFrontShocksTypeTravel ((Trim details property))":"Front shocks type / travel","chassisRearSuspension ((Trim details property))":"Rear suspension","chassisRearShocksTypeTravel ((Trim details property))":"Rear shocks type / travel","chassisElectronicBrakeDistributionSystem ((Trim details property))":"Electronic brake distribution system","chassisFrontBrakes ((Trim details property))":"Front brakes","chassisRearBrakes ((Trim details property))":"Rear brake","chassisParkingBrake ((Trim details property))":"Parking brake","chassisFrontTires ((Trim details property))":"Front tires","chassisRearTire ((Trim details property))":"Rear tire","chassisAluminiumFrontRims ((Trim details property))":"Aluminum front rims","chassisAluminiumRearRim ((Trim details property))":"Aluminum rear rim","coverageFactoryWarranty ((Trim details property))":"Factory Warranty","coverageExtendedServiceTerms ((Trim details property))":"Extended Service Terms","safetyAndSecurityHHC ((Trim details property))":"HHC","safetyAndSecurityAntitheftsystem ((Trim details property))":"Anti-theft system","safetyAndSecurityABS ((Trim details property))":"ABS","safetyAndSecurityTCS ((Trim details property))":"TCS","safetyAndSecuritySCS ((Trim details property))":"SCS","instrumentationMainFunctions ((Trim details property))":"Main Functions","Financing Options ((Label of a link pointing to the estimate payment page))":"Estimate Payment","Trade in value Testing":"Trade in value","transmissionGears ((Trim details property))":"Gears","transmissionType ((Trim details property))":"Type","safetyAndSecurityDPS ((Trim details property))":"DPS","capacityTowingCapacity ((Trim details property))":"Towing capacity","instrumentationAudioSystem ((Trim details property))":"Audio System","Power train ((Model page segment spec))":"Power train","Powertrain ((Model page spec segment))":"Powertrain","Power train ((Model page spec segment))":"","Transportation and preparation not included. ((Label for Model price disclaimer))":"Transportation and preparation not included.","Deep Snow ((Label for Deep Snow ride type option))":"Chasing high-performance thrills","Performance Trail ((Label for Performance Trail ride type option))":"Trail","Utility ((Label for Utility ride style option))":"Utility","Heavy Duty Work ((Label for Heavy Duty Work ride style option))":"Heavy Duty Work","Powerpack Selection ((Label for powerpack selection hmc module))":"Powerpack Selection","High power ((Label for High power powerpack option))":"High power","Best balance between economy and performance ((Label for Best balance between economy and performance powerpack option))":"Best balance between economy and performance","Riding modes ((Label for Riding modes powerpack option))":"Riding modes","Sporty suspension setup ((Label for Sporty suspension setup standard features option))":"Sporty suspension setup","High cargo capacity ((Label for High cargo capacity standard features option))":"High cargo capacity","Optimized for hauling ((Label for Optimized for hauling standard features option))":"Optimized for hauling","Family Fun ((Label for Family Fun ride style option))":"Family Fun","Most Ride ((Label for ride type hmc module))":"Most Ride","Powerpack ((Label for powerpack hmc module))":"Powerpack","What's this ((label for dealer locator certification tooltip link))":"What's this","AT ((Event details, label for date time separator))":"AT","View all posts ((label for view all articles))":"View all posts","By ((label for article by))":"By","Posted on ((label for article date))":"Posted on","powertrainSmallSprocketNumberOfTeeth ((Trim details property))":"Small Sprocket Number Of Teeth","powertrainLargeSprocketNumberOfTeeth ((Trim details property))":"Large Sprocket Number Of Teeth","powertrainDriveSprocket ((Trim details property))":"Drive Sprocket","dimensionVehicleOverallLength ((Trim details property))":"Vehicle Overall Length","dimensionVehicleOverallWidth ((Trim details property))":"Vehicle Overall Width","dimensionVehicleOverallHeight ((Trim detail... (set the log level to DEBUG or TRACE to see the full content) 
 </msg>
<msg time="2024-09-29T09:33:14.318854" level="INFO">${RESPONSE} = &lt;Response [200]&gt;</msg>
<var>${RESPONSE}</var>
<arg>filters</arg>
<arg>url=${URL_DICTIONARY}</arg>
<doc>Sends a GET request on a previously created HTTP Session.</doc>
<status status="PASS" start="2024-09-29T09:33:13.833802" elapsed="0.485052"/>
</kw>
<kw name="Set Global Variable" owner="BuiltIn">
<msg time="2024-09-29T09:33:14.318854" level="INFO">${RESPONSE} = &lt;Response [200]&gt;</msg>
<arg>${RESPONSE}</arg>
<doc>Makes a variable available globally in all tests and suites.</doc>
<status status="PASS" start="2024-09-29T09:33:14.318854" elapsed="0.000000"/>
</kw>
<arg>${URL_DICTIONARY}</arg>
<status status="PASS" start="2024-09-29T09:33:13.833802" elapsed="0.485052"/>
</kw>
<kw name="THEN the user checks the translations for the texts: &quot;${MODELS}&quot;, &quot;${ENDS_ON_POW}, &quot;${ENDS_ON}&quot;, &quot;${DEAL_AND_OFFERS}&quot;" owner="filter_keywords" source_name="THEN the user checks the translations for the texts: &quot;${MODELS}&quot;, &quot;${ENDS_ON_POW}, &quot;${ENDS_ON}&quot;, &quot;${DEAL_AND_OFFERS}&quot;">
<kw name="Should Be Equal" owner="BuiltIn">
<arg>${RESPONSE.json()['Models']}</arg>
<arg>${MODELS}</arg>
<doc>Fails if the given objects are unequal.</doc>
<status status="PASS" start="2024-09-29T09:33:14.318854" elapsed="0.000000"/>
</kw>
<kw name="Log" owner="BuiltIn">
<msg time="2024-09-29T09:33:14.318854" level="INFO">Models</msg>
<arg>${RESPONSE.json()['Models']}</arg>
<doc>Logs the given message with the given level.</doc>
<status status="PASS" start="2024-09-29T09:33:14.318854" elapsed="0.000000"/>
</kw>
<kw name="Should Be Equal" owner="BuiltIn">
<arg>${RESPONSE.json()['Ends on ((POW))']}</arg>
<arg>${ENDS_ON_POW}</arg>
<doc>Fails if the given objects are unequal.</doc>
<status status="PASS" start="2024-09-29T09:33:14.318854" elapsed="0.000000"/>
</kw>
<kw name="Log" owner="BuiltIn">
<msg time="2024-09-29T09:33:14.318854" level="INFO">Ends on {0}</msg>
<arg>${RESPONSE.json()['Ends on ((POW))']}</arg>
<doc>Logs the given message with the given level.</doc>
<status status="PASS" start="2024-09-29T09:33:14.318854" elapsed="0.000000"/>
</kw>
<kw name="Should Be Equal" owner="BuiltIn">
<arg>${RESPONSE.json()['Ends on']}</arg>
<arg>${ENDS_ON}</arg>
<doc>Fails if the given objects are unequal.</doc>
<status status="PASS" start="2024-09-29T09:33:14.318854" elapsed="0.000000"/>
</kw>
<kw name="Log" owner="BuiltIn">
<msg time="2024-09-29T09:33:14.318854" level="INFO">Ends on</msg>
<arg>${RESPONSE.json()['Ends on']}</arg>
<doc>Logs the given message with the given level.</doc>
<status status="PASS" start="2024-09-29T09:33:14.318854" elapsed="0.000000"/>
</kw>
<kw name="Should Be Equal" owner="BuiltIn">
<arg>${RESPONSE.json()['Deal and offers']}</arg>
<arg>${DEAL_AND_OFFERS}</arg>
<doc>Fails if the given objects are unequal.</doc>
<status status="PASS" start="2024-09-29T09:33:14.318854" elapsed="0.000000"/>
</kw>
<kw name="Log" owner="BuiltIn">
<msg time="2024-09-29T09:33:14.318854" level="INFO">Deal and offers</msg>
<arg>${RESPONSE.json()['Deal and offers']}</arg>
<doc>Logs the given message with the given level.</doc>
<status status="PASS" start="2024-09-29T09:33:14.318854" elapsed="0.000000"/>
</kw>
<status status="PASS" start="2024-09-29T09:33:14.318854" elapsed="0.000000"/>
</kw>
<arg>${url_dictionary}</arg>
<arg>${models}</arg>
<arg>${ends_on_pow}</arg>
<arg>${ends_on}</arg>
<arg>${deal_and_offers}</arg>
<status status="PASS" start="2024-09-29T09:33:13.833802" elapsed="0.485052"/>
</kw>
<arg>Scenario Outline 01 - Verify translations for Ends on and Models on Promotion Page and Promotion Banner</arg>
<arg>${url_dictionary}</arg>
<arg>${models}</arg>
<arg>${ends_on_pow}</arg>
<arg>${ends_on}</arg>
<arg>${deal_and_offers}</arg>
<doc>Runs the keyword and continues execution even if a failure occurs.</doc>
<status status="PASS" start="2024-09-29T09:33:13.833802" elapsed="0.485052"/>
</kw>
<var name="${lang}">EN</var>
<status status="PASS" start="2024-09-29T09:33:13.833802" elapsed="0.485052"/>
</iter>
<iter>
<kw name="Set Variable" owner="BuiltIn">
<msg time="2024-09-29T09:33:14.318854" level="INFO">${url_dictionary} = https://can-am.brp.com/libs/cq/i18n/dict.fr-CA.json</msg>
<var>${url_dictionary}</var>
<arg>${${lang}}</arg>
<doc>Returns the given values which can then be assigned to a variables.</doc>
<status status="PASS" start="2024-09-29T09:33:14.318854" elapsed="0.000000"/>
</kw>
<kw name="Set Variable" owner="BuiltIn">
<msg time="2024-09-29T09:33:14.318854" level="INFO">${models} = Modèles</msg>
<var>${models}</var>
<arg>${${lang}_MODELS}</arg>
<doc>Returns the given values which can then be assigned to a variables.</doc>
<status status="PASS" start="2024-09-29T09:33:14.318854" elapsed="0.000000"/>
</kw>
<kw name="Set Variable" owner="BuiltIn">
<msg time="2024-09-29T09:33:14.318854" level="INFO">${ends_on_pow} = Se termine le {0}</msg>
<var>${ends_on_pow}</var>
<arg>${${lang}_ENDS_ON_POW}</arg>
<doc>Returns the given values which can then be assigned to a variables.</doc>
<status status="PASS" start="2024-09-29T09:33:14.318854" elapsed="0.000000"/>
</kw>
<kw name="Set Variable" owner="BuiltIn">
<msg time="2024-09-29T09:33:14.318854" level="INFO">${ends_on} = Se termine le</msg>
<var>${ends_on}</var>
<arg>${${lang}_ENDS_ON}</arg>
<doc>Returns the given values which can then be assigned to a variables.</doc>
<status status="PASS" start="2024-09-29T09:33:14.318854" elapsed="0.000000"/>
</kw>
<kw name="Set Variable" owner="BuiltIn">
<msg time="2024-09-29T09:33:14.318854" level="INFO">${deal_and_offers} = Promotions et Rabais</msg>
<var>${deal_and_offers}</var>
<arg>${${lang}_DEAL_AND_OFFERS}</arg>
<doc>Returns the given values which can then be assigned to a variables.</doc>
<status status="PASS" start="2024-09-29T09:33:14.318854" elapsed="0.000000"/>
</kw>
<kw name="Run Keyword And Continue On Failure" owner="BuiltIn">
<kw name="Scenario Outline 01 - Verify translations for Ends on and Models on Promotion Page and Promotion Banner">
<kw name="GIVEN client sends GET request to filter endpoint" owner="filter_keywords">
<kw name="Create Session" owner="RequestsLibrary">
<msg time="2024-09-29T09:33:14.318854" level="INFO">Creating Session using : alias=filters, url=https://can-am.brp.com/libs/cq/i18n/dict.fr-CA.json, headers={},                     cookies={}, auth=None, timeout=None, proxies=None, verify=True,                     debug=0 </msg>
<arg>filters</arg>
<arg>${URL_DICTIONARY}</arg>
<arg>verify=true</arg>
<doc>Create Session: create a HTTP session to a server</doc>
<status status="PASS" start="2024-09-29T09:33:14.318854" elapsed="0.000000"/>
</kw>
<kw name="Get On Session" owner="RequestsLibrary">
<msg time="2024-09-29T09:33:15.701017" level="INFO">GET Request : url=https://can-am.brp.com/libs/cq/i18n/dict.fr-CA.json/https://can-am.brp.com/libs/cq/i18n/dict.fr-CA.json 
 path_url=/libs/cq/i18n/dict.fr-CA.json/https://can-am.brp.com/libs/cq/i18n/dict.fr-CA.json 
 headers={'User-Agent': 'python-requests/2.31.0', 'Accept-Encoding': 'gzip, deflate', 'Accept': '*/*', 'Connection': 'keep-alive'} 
 body=None 
 </msg>
<msg time="2024-09-29T09:33:15.703613" level="INFO">GET Response : url=https://can-am.brp.com/libs/cq/i18n/dict.fr-CA.json/https://can-am.brp.com/libs/cq/i18n/dict.fr-CA.json 
 status=200, reason=OK 
 headers={'strict-transport-security': 'max-age=63072000; includeSubdomains;preload', 'x-frame-options': 'SAMEORIGIN, SAMEORIGIN', 'Permissions-Policy': 'geolocation=(self)', 'referrer-policy': 'no-referrer-when-downgrade', 'Server-Timing': 'dtRpid;desc="-984906229", dtSInfo;desc="0"', 'x-oneagent-js-injection': 'true', 'x-sky-isauth': '0', 'ETag': '"5b82e33fd2f4d909293c906aa5dd7646:dtagent10299240903104354WagE-gzip"', 'Content-Encoding': 'gzip', 'Content-Type': 'application/json;charset=utf-8', 'X-Content-Type-Options': 'nosniff', 'Accept-Ranges': 'bytes', 'X-Served-By': 'cache-gru-sbsp2090023-GRU', 'X-Timer': 'S1727612941.782381,VS0,VS0,VE514', 'Cache-Control': 'public, max-age=1209548', 'Expires': 'Sun, 13 Oct 2024 12:28:09 GMT', 'Date': 'Sun, 29 Sep 2024 12:29:01 GMT', 'Transfer-Encoding': 'chunked', 'Connection': 'keep-alive, Transfer-Encoding', 'Vary': 'Accept-Encoding', 'Set-Cookie': 'dtCookie=v_4_srv_16_sn_A6C5DF500F596245ECA1372A4299F8E8_perc_100000_ol_0_mul_1_app-3A4d8b1c65f247964a_1; Path=/; Domain=.brp.com, affinity="d1f0a1ebfcd3f877"; Path=/; HttpOnly; secure, akacd_prd_mig=1727613241~rv=83~id=014b133c8d382c1d5967fc86e800f195; path=/; Expires=Sun, 29 Sep 2024 12:34:01 GMT; Secure; SameSite=None', 'Content-Security-Policy': "default-src *.groupepdi.com *.net-fs.com *.onetrust.com *.cookielaw.org alumacraft.com *.alumacraft.com *.manitoupontoonboats.com *.wufoo.com unpkg.com *.yandex.ru my.matterport.com airtable.com ds-aksb-a.akamaihd.net monkeys-fist-for-brp.com *.myfeelback.com mfb.li mailchi.mp *.cdninstagram.com *.stackla.com fareharbor.com *.peek.com *.salecycle.com story.brplynx.com *.cloudfront.net mpembed.com *.googleadservices.com *.slideshare.net *.hotjar.com *.typekit.net *.bootstrapcdn.com *.salesforce.com *.omtrdc.net service.force.com *.adobedtm.com *.google.ca *.gstatic.com *.azurewebsites.net *.lightboxcdn.com *.salesforceliveagent.com *.force.com *.moatads.com *.youtube.com *.addthisedge.com *.addthis.com *.cloudflare.com *.doubleclick.net *.brp.com *.facebook.net *.azureedge.net *.google-analytics.com *.googletagmanager.com *.googleapis.com *.google.com *.demdex.net *.day.com *.everesttech.net *.scene7.com *.amazon-adsystem.com *.facebook.com *.googleusercontent.com *.lightboxapi.com *.womenofonroadgroups.com *.canamonroadcommunity.com canamonroadcommunity.com *.learntoride3wheel.com *.limelightplatformevents.com *.valuemytradein.com *.zencdn.net *.zlthunder.net cdn.knightlab.com *.mdex.net *.sea-doo.com *.ski-doo.com *.brpdigital.net tags.tiqcdn.com brp--c.documentforce.com collect.tealiumiq.com *.teads.tv brp.my.salesforce-sites.com cdn.jsdelivr.net stconsumercaseapip01.blob.core.windows.net arttrk.com *.yimg.com www.filepicker.io *.unchartedsociety.com *.qualtrics.com sp.analytics.yahoo.com *.adsrvr.org alb.reddit.com *.googlesyndication.com *.attribution.adswizz.com bf11981lkb.bf.dynatrace.com *.contentsquare.net data.adxcel-ec2.com s.pinimg.com yulvr.ca www.redditstatic.com  ct.pinterest.com 'unsafe-inline' 'unsafe-eval' blob: data: 'self';"} 
 body={"fd_EMAIL":"COURRIEL","fd_Form":"Formulaire","fd_Root Panel":"Panneau source","fd_&lt;p&gt;&lt;b&gt;Thank you for subscribing.&lt;\/b&gt;&lt;\/p&gt;\r\n":"&lt;p&gt;&lt;b&gt;Merci de vous être abonné.&lt;\/b&gt;&lt;\/p&gt;","fd_&lt;p&gt;Detailed information on the processing of personal data can be found within the&amp;nbsp;&lt;a rel=\"nofollow\" target=\"_blank\" data-clickable-id=\"clickable-5\"&gt;&lt;\/a&gt;&lt;a href=\"/content/brp-x/en_us/privacy-policy.html\" target=\"_blank\" data-clickable-id=\"clickable-7\"&gt;Privacy Policy&lt;\/a&gt;. You may withdraw or modify your consent at any time by communicating with&amp;nbsp;&lt;a rel=\"nofollow\" target=\"_blank\" data-clickable-id=\"clickable-6\"&gt;&lt;\/a&gt;&lt;a href=\"mailto:privacyofficer@brp.com\" data-clickable-id=\"clickable-8\"&gt;privacyofficer@brp.com&lt;\/a&gt;.&lt;\/p&gt;\n":"&lt;p&gt;Des informations détaillées sur le traitement des données à caractère personnel sont disponibles sur notre site web &lt;a rel=\"nofollow\" target=\"_blank\" data-clickable-id=\"clickable-5\"&gt;&lt;\/a&gt;&lt;a href=\"https://unchartedsociety.com/ca/fr/privacy-policy.html\" target=\"_blank\" data-clickable-id=\"clickable-7\"&gt;Politique de confidentialité&lt;\/a&gt;. Vous pouvez retirer ou modifier votre consentement à tout moment en communiquant avec &lt;a rel=\"nofollow\" target=\"_blank\" data-clickable-id=\"clickable-6\"&gt;&lt;\/a&gt;&lt;a href=\"mailto:privacyofficer@brp.com\" data-clickable-id=\"clickable-8\"&gt;privacyofficer@brp.com&lt;\/a&gt;.&lt;\/p&gt;","fd_Email":"Courriel","fd_Subscribe":"Abonnez-vous","fd_&lt;p&gt;Thank you for subscribing.&lt;\/p&gt;\n":"&lt;p&gt;Merci pour votre abonnement&lt;\/p&gt;","fd_&lt;p&gt;&lt;b&gt;Thank you for subscribing.&lt;\/b&gt;&lt;\/p&gt;\n":"&lt;p&gt;&lt;b&gt;Merci de vous être abonné.&lt;\/b&gt;&lt;\/p&gt;","fd_Newsletter Form":"Formulaire d'infolettre","Get a Quote ((Label for Get a Quote))":"Demandez un prix","Get a quote":"Demandez un prix","{0} with transportation and preparation. ((Product price including transportation and preparation))":"{0} avec transport et préparation","Smart Lok Differential ((Label for Smart Lok Differential Vehicle feature))":"Technologie Smart-Lok","Open":"Ouvert","On entry package, transportation and preparation may vary based on selection. ((Model price disclaimer))":"PDSF, les frais de transport et de préparation peuvent varier selon la sélection.","Excludes taxes and registration fees. Accessory installation costs might not be included. Dealers may sell for a different price. Vehicle may not be exactly as shown. The model selected might not be available at the dealership. For full and accurate vehicle pricing information, please contact your local dealer for a detailed quote and availability. ((Product price disclaimer (tooltip)))":"Hors taxes et frais d'inscription. Les coûts d'installation des accessoires peuvent ne pas être inclus. Les concessionnaires peuvent vendre à un prix différent. Le véhicule peut ne pas être exactement comme indiqué. Le modèle sélectionné peut ne pas être disponible chez le concessionnaire. Pour des informations complètes et précises sur le prix des véhicules, veuillez contacter votre concessionnaire local pour un devis détaillé et la disponibilité.","Side-by-Side ((Product Data - Vehicle Type))":"Véhicule côte à côte","Outboard Engine ((Dealer Locator - Type of product sold by a dealer))":"Moteurs hors-bord","Payment calculator":"Calculateur de paiement","Share":"Partager","Link to model page":"Lien vers la page du modèle","Bundle disclaimer ((canam-offroad))":"Ce prix de détail suggéré par le fabricant (PDSF) est pour l'ensemble d'accessoires et exclut le véhicule, les frais de transport, les frais de livraison, les taxes et les frais d'installation. Selon votre lieu d'achat du véhicule, des frais additionnels peuvent être applicables. Les concessionnaires peuvent vendre à un prix différent. Les accessoires peuvent ne pas être exactement comme indiqué. L'accessoire sélectionné peut ne pas être disponible chez le concessionnaire. Pour des informations complètes et précises sur le prix des accessoires, veuillez contacter votre concessionnaire local pour un devis détaillé et la disponibilité.","Dropdown toggle button":"Bouton bascule déroulant","Language button":"Bouton de langue","Get Local Price ((menu-text))":"Demander un prix","Download comparison sheet ((Label for Download comparison sheet))":"Télécharger la fiche de comparaison","Share ((label for Share))":"Partager","vehicleDimensionsLxWxH ((Trim details property))":"L x L x H","dimensionsCapacitiesLxWxH ((Trim details property))":"L x L x H","engineRotaxEngine ((Trim details property))":"Moteur Rotax®","engineTorque ((Trim details property))":"Couple","vehicleDimensionsGroundClearance ((Trim details property))":"Garde au sol","vehicleDimensionsDryWeight ((Trim details property))":"Poids à sec","featuresFeatures ((Trim details property))":"Caractéristiques","engineCubicCapacity ((Trim details property))":"Cylindrée","enginePower ((Trim details property))":"Puissance","vehicleDimensionsWheelbase ((Trim details property))":"Empattement","vehicleDimensionsSeatHeight ((Trim details property))":"Hauteur du siège","engineBoreAndStroke ((Trim details property))":"Alésage et course","instrumentationType ((Trim details property))":"Type","capacityRiderCapacity ((Trim details property))":"Capacité de passager","capacityMaximumVehicleLoad ((Trim details property))":"Charge maximale du véhicule","capacityFuelCapacity ((Trim details property))":"Réservoir de carburant","capacityFuelType ((Trim details property))":"Type de carburant","chassisFrontSuspension ((Trim details property))":"Suspension avant","chassisFrontShocksTypeTravel ((Trim details property))":"Amortisseurs avant / course","chassisRearSuspension ((Trim details property))":"Suspension arrière","chassisRearShocksTypeTravel ((Trim details property))":"Amortisseur arrière / course","chassisElectronicBrakeDistributionSystem ((Trim details property))":"Répartition électronique de la force de freinage","chassisFrontBrakes ((Trim details property))":"Freins avant","chassisRearBrakes ((Trim details property))":"Frein arrière","chassisParkingBrake ((Trim details property))":"Frein de stationnement","chassisFrontTires ((Trim details property))":"Pneus avant","chassisRearTire ((Trim details property))":"Pneu arrière","chassisAluminiumFrontRims ((Trim details property))":"Jantes avant en aluminium","chassisAluminiumRearRim ((Trim details property))":"Jante arrière en aluminium","coverageFactoryWarranty ((Trim details property))":"Garantie du fabricant","coverageExtendedServiceTerms ((Trim details property))":"Service prolongé BRP","safetyAndSecurityAntitheftsystem ((Trim details property))":"Système antivol","safetyAndSecurityABS ((Trim details property))":"ABS","safetyAndSecurityTCS ((Trim details property))":"TCS","safetyAndSecuritySCS ((Trim details property))":"SCS","instrumentationMainFunctions ((Trim details property))":"Fonctions principales","Trade in value Testing":"Calculez votre valeur d'échange","transmissionType ((Trim details property))":"Type","transmissionGears ((Trim details property))":"Boîte de vitesse","safetyAndSecurityDPS ((Trim details property))":"DPS","capacityTowingCapacity ((Trim details property))":"Capacité de remorquage","instrumentationAudioSystem ((Trim details property))":"Système audio","Seating ((Label for seating hmc module))":"Sièges pour les passagers","Riding time ((Label for riding time hmc module))":"Temps de conduite","Speed ((Label for speed hmc module))":"Vitesse","Comfort ((Label for comfort hmc module))":"Confort","Manoeuvring &amp; Handling ((Label for manoeuvring &amp; handling hmc module))":"Maniabilité &amp; Accostage","Tow Sports ((Label for tow sports hmc module))":"Sports nautiques","Everyone rides their Sea-Doo watercraft differently\u2014how do you ride? ((Label for riding style hmc module))":"Chacun conduit sa motomarine Sea-Doo de façon différente\u2014quel est votre style?","How long do you typically ride? ((Label for riding time hmc module))":"Combien de temps accordez-vous généralement à vos sorties en Sea-Doo?","Which type of water is your playground? ((Label for water type hmc module))":"Quel est votre terrain de jeu préféré?","Are you more of a cruiser, or white knuckle rider? ((Label for speed hmc module))":"Êtes-vous plus du genre « vitesse de croisière » ou « pleins gaz »? Vous aimez filer...","Do you like a comfortable ride, or a more real feel? ((Label for comfort hmc module))":"Que préférez-vous : le plein confort ou les sensations fortes?","Do you want a smooth handling or more responsive watercraft? ((Label for manoeuvring &amp; handling hmc module))":"Que préférez-vous? Une motomarine plus facile à manoeuvrer ou plus réactive?","Do you participate in tow sports? ((Label for two sports hmc module))":"Pratiquez-vous des sports nautiques?","Transportation and preparation not included. ((Label for Model price disclaimer))":"","ATV ((Help me Choose - Label for the Vehicle Type option))":"VTT","suspensionsFrontShocks ((Trim details property))":"Amortisseurs avant","suspensionsFrontSuspension ((Trim details property))":"Suspension avant","tiresWheelsRearTires ((Trim details property))":"Pneus arrière","tiresWheelsWheels ((Trim details property))":"Jantes","warrantyExtended ((Trim details property))":"Service prolongé BRP","warrantyFactory ((Trim details property))":"Manufacturier","Suspension":"Suspension","TIRES/WHEELS":"Pneus/Jantes","Brakes":"Freins","DIMENSIONS / CAPACITIES":"Dimensions / Capacités","Warranty":"Garantie","engineTransmission ((Trim details property))":"Transmission","Financing Options ((Label of a link pointing to the estimate payment page))":"Estimez le paiement","Find a dealer ((BRP World form field))":"Trouver un concessionnaire","transmission ((Trim details property))":"Transmission","Overview":"Vue d'ensemble","What's this ((label for dealer locator certification tooltip link))":"Qu'est-ce?","AT ((Event details, label for date time separator))":"À","View all posts ((label for view all articles))":"Voir tous les articles","By ((label for article by))":"Par ","Posted on ((label for article date))":"Publié le","Discover The E... (set the log level to DEBUG or TRACE to see the full content) 
 </msg>
<msg time="2024-09-29T09:33:15.703613" level="INFO">${RESPONSE} = &lt;Response [200]&gt;</msg>
<var>${RESPONSE}</var>
<arg>filters</arg>
<arg>url=${URL_DICTIONARY}</arg>
<doc>Sends a GET request on a previously created HTTP Session.</doc>
<status status="PASS" start="2024-09-29T09:33:14.318854" elapsed="1.384759"/>
</kw>
<kw name="Set Global Variable" owner="BuiltIn">
<msg time="2024-09-29T09:33:15.704616" level="INFO">${RESPONSE} = &lt;Response [200]&gt;</msg>
<arg>${RESPONSE}</arg>
<doc>Makes a variable available globally in all tests and suites.</doc>
<status status="PASS" start="2024-09-29T09:33:15.703613" elapsed="0.001003"/>
</kw>
<arg>${URL_DICTIONARY}</arg>
<status status="PASS" start="2024-09-29T09:33:14.318854" elapsed="1.385859"/>
</kw>
<kw name="THEN the user checks the translations for the texts: &quot;${MODELS}&quot;, &quot;${ENDS_ON_POW}, &quot;${ENDS_ON}&quot;, &quot;${DEAL_AND_OFFERS}&quot;" owner="filter_keywords" source_name="THEN the user checks the translations for the texts: &quot;${MODELS}&quot;, &quot;${ENDS_ON_POW}, &quot;${ENDS_ON}&quot;, &quot;${DEAL_AND_OFFERS}&quot;">
<kw name="Should Be Equal" owner="BuiltIn">
<arg>${RESPONSE.json()['Models']}</arg>
<arg>${MODELS}</arg>
<doc>Fails if the given objects are unequal.</doc>
<status status="PASS" start="2024-09-29T09:33:15.704766" elapsed="0.015709"/>
</kw>
<kw name="Log" owner="BuiltIn">
<msg time="2024-09-29T09:33:15.734475" level="INFO">Modèles</msg>
<arg>${RESPONSE.json()['Models']}</arg>
<doc>Logs the given message with the given level.</doc>
<status status="PASS" start="2024-09-29T09:33:15.720611" elapsed="0.014180"/>
</kw>
<kw name="Should Be Equal" owner="BuiltIn">
<arg>${RESPONSE.json()['Ends on ((POW))']}</arg>
<arg>${ENDS_ON_POW}</arg>
<doc>Fails if the given objects are unequal.</doc>
<status status="PASS" start="2024-09-29T09:33:15.734791" elapsed="0.013732"/>
</kw>
<kw name="Log" owner="BuiltIn">
<msg time="2024-09-29T09:33:15.761560" level="INFO">Se termine le {0}</msg>
<arg>${RESPONSE.json()['Ends on ((POW))']}</arg>
<doc>Logs the given message with the given level.</doc>
<status status="PASS" start="2024-09-29T09:33:15.749063" elapsed="0.012497"/>
</kw>
<kw name="Should Be Equal" owner="BuiltIn">
<arg>${RESPONSE.json()['Ends on']}</arg>
<arg>${ENDS_ON}</arg>
<doc>Fails if the given objects are unequal.</doc>
<status status="PASS" start="2024-09-29T09:33:15.763065" elapsed="0.013471"/>
</kw>
<kw name="Log" owner="BuiltIn">
<msg time="2024-09-29T09:33:15.790824" level="INFO">Se termine le</msg>
<arg>${RESPONSE.json()['Ends on']}</arg>
<doc>Logs the given message with the given level.</doc>
<status status="PASS" start="2024-09-29T09:33:15.776536" elapsed="0.014288"/>
</kw>
<kw name="Should Be Equal" owner="BuiltIn">
<arg>${RESPONSE.json()['Deal and offers']}</arg>
<arg>${DEAL_AND_OFFERS}</arg>
<doc>Fails if the given objects are unequal.</doc>
<status status="PASS" start="2024-09-29T09:33:15.790824" elapsed="0.012269"/>
</kw>
<kw name="Log" owner="BuiltIn">
<msg time="2024-09-29T09:33:15.817854" level="INFO">Promotions et Rabais</msg>
<arg>${RESPONSE.json()['Deal and offers']}</arg>
<doc>Logs the given message with the given level.</doc>
<status status="PASS" start="2024-09-29T09:33:15.804402" elapsed="0.013452"/>
</kw>
<status status="PASS" start="2024-09-29T09:33:15.704766" elapsed="0.113088"/>
</kw>
<arg>${url_dictionary}</arg>
<arg>${models}</arg>
<arg>${ends_on_pow}</arg>
<arg>${ends_on}</arg>
<arg>${deal_and_offers}</arg>
<status status="PASS" start="2024-09-29T09:33:14.318854" elapsed="1.499000"/>
</kw>
<arg>Scenario Outline 01 - Verify translations for Ends on and Models on Promotion Page and Promotion Banner</arg>
<arg>${url_dictionary}</arg>
<arg>${models}</arg>
<arg>${ends_on_pow}</arg>
<arg>${ends_on}</arg>
<arg>${deal_and_offers}</arg>
<doc>Runs the keyword and continues execution even if a failure occurs.</doc>
<status status="PASS" start="2024-09-29T09:33:14.318854" elapsed="1.499000"/>
</kw>
<var name="${lang}">FR</var>
<status status="PASS" start="2024-09-29T09:33:14.318854" elapsed="1.499000"/>
</iter>
<iter>
<kw name="Set Variable" owner="BuiltIn">
<msg time="2024-09-29T09:33:15.818597" level="INFO">${url_dictionary} = https://can-am.brp.com/libs/cq/i18n/dict.fi-FI.json</msg>
<var>${url_dictionary}</var>
<arg>${${lang}}</arg>
<doc>Returns the given values which can then be assigned to a variables.</doc>
<status status="PASS" start="2024-09-29T09:33:15.818510" elapsed="0.000087"/>
</kw>
<kw name="Set Variable" owner="BuiltIn">
<msg time="2024-09-29T09:33:15.818597" level="INFO">${models} = Mallit</msg>
<var>${models}</var>
<arg>${${lang}_MODELS}</arg>
<doc>Returns the given values which can then be assigned to a variables.</doc>
<status status="PASS" start="2024-09-29T09:33:15.818597" elapsed="0.000000"/>
</kw>
<kw name="Set Variable" owner="BuiltIn">
<msg time="2024-09-29T09:33:15.818597" level="INFO">${ends_on_pow} = Päättyy {0}</msg>
<var>${ends_on_pow}</var>
<arg>${${lang}_ENDS_ON_POW}</arg>
<doc>Returns the given values which can then be assigned to a variables.</doc>
<status status="PASS" start="2024-09-29T09:33:15.818597" elapsed="0.000000"/>
</kw>
<kw name="Set Variable" owner="BuiltIn">
<msg time="2024-09-29T09:33:15.818597" level="INFO">${ends_on} = Päättyy</msg>
<var>${ends_on}</var>
<arg>${${lang}_ENDS_ON}</arg>
<doc>Returns the given values which can then be assigned to a variables.</doc>
<status status="PASS" start="2024-09-29T09:33:15.818597" elapsed="0.000000"/>
</kw>
<kw name="Set Variable" owner="BuiltIn">
<msg time="2024-09-29T09:33:15.819626" level="INFO">${deal_and_offers} = Deal and offers</msg>
<var>${deal_and_offers}</var>
<arg>${${lang}_DEAL_AND_OFFERS}</arg>
<doc>Returns the given values which can then be assigned to a variables.</doc>
<status status="PASS" start="2024-09-29T09:33:15.819626" elapsed="0.000000"/>
</kw>
<kw name="Run Keyword And Continue On Failure" owner="BuiltIn">
<kw name="Scenario Outline 01 - Verify translations for Ends on and Models on Promotion Page and Promotion Banner">
<kw name="GIVEN client sends GET request to filter endpoint" owner="filter_keywords">
<kw name="Create Session" owner="RequestsLibrary">
<msg time="2024-09-29T09:33:15.820667" level="INFO">Creating Session using : alias=filters, url=https://can-am.brp.com/libs/cq/i18n/dict.fi-FI.json, headers={},                     cookies={}, auth=None, timeout=None, proxies=None, verify=True,                     debug=0 </msg>
<arg>filters</arg>
<arg>${URL_DICTIONARY}</arg>
<arg>verify=true</arg>
<doc>Create Session: create a HTTP session to a server</doc>
<status status="PASS" start="2024-09-29T09:33:15.820667" elapsed="0.000000"/>
</kw>
<kw name="Get On Session" owner="RequestsLibrary">
<msg time="2024-09-29T09:33:16.392947" level="INFO">GET Request : url=https://can-am.brp.com/libs/cq/i18n/dict.fi-FI.json/https://can-am.brp.com/libs/cq/i18n/dict.fi-FI.json 
 path_url=/libs/cq/i18n/dict.fi-FI.json/https://can-am.brp.com/libs/cq/i18n/dict.fi-FI.json 
 headers={'User-Agent': 'python-requests/2.31.0', 'Accept-Encoding': 'gzip, deflate', 'Accept': '*/*', 'Connection': 'keep-alive'} 
 body=None 
 </msg>
<msg time="2024-09-29T09:33:16.392947" level="INFO">GET Response : url=https://can-am.brp.com/libs/cq/i18n/dict.fi-FI.json/https://can-am.brp.com/libs/cq/i18n/dict.fi-FI.json 
 status=200, reason=OK 
 headers={'Content-Length': '20570', 'strict-transport-security': 'max-age=63072000; includeSubdomains;preload', 'x-frame-options': 'SAMEORIGIN', 'Permissions-Policy': 'geolocation=(self)', 'referrer-policy': 'no-referrer-when-downgrade', 'ETag': 'W/"1847d-623413bbdcdb5-gzip"', 'Last-Modified': 'Sun, 29 Sep 2024 12:29:02 GMT', 'Accept-Ranges': 'bytes', 'Content-Encoding': 'gzip', 'Content-Type': 'application/json;charset=utf-8', 'X-Content-Type-Options': 'nosniff', 'X-Served-By': 'cache-gru-sbsp2090063-GRU', 'X-Timer': 'S1727612942.314820,VS0,VS0,VE141', 'Cache-Control': 'public, max-age=1209600', 'Expires': 'Sun, 13 Oct 2024 12:29:02 GMT', 'Date': 'Sun, 29 Sep 2024 12:29:02 GMT', 'Connection': 'keep-alive', 'Vary': 'Accept-Encoding', 'Set-Cookie': 'affinity="513c2519e83abdc7"; Path=/; HttpOnly; secure, akacd_prd_mig=1727613242~rv=41~id=61e4e3a4a50c3604407050833e60a1c8; path=/; Expires=Sun, 29 Sep 2024 12:34:02 GMT; Secure; SameSite=None', 'Content-Security-Policy': "default-src *.groupepdi.com *.net-fs.com *.onetrust.com *.cookielaw.org alumacraft.com *.alumacraft.com *.manitoupontoonboats.com *.wufoo.com unpkg.com *.yandex.ru my.matterport.com airtable.com ds-aksb-a.akamaihd.net monkeys-fist-for-brp.com *.myfeelback.com mfb.li mailchi.mp *.cdninstagram.com *.stackla.com fareharbor.com *.peek.com *.salecycle.com story.brplynx.com *.cloudfront.net mpembed.com *.googleadservices.com *.slideshare.net *.hotjar.com *.typekit.net *.bootstrapcdn.com *.salesforce.com *.omtrdc.net service.force.com *.adobedtm.com *.google.ca *.gstatic.com *.azurewebsites.net *.lightboxcdn.com *.salesforceliveagent.com *.force.com *.moatads.com *.youtube.com *.addthisedge.com *.addthis.com *.cloudflare.com *.doubleclick.net *.brp.com *.facebook.net *.azureedge.net *.google-analytics.com *.googletagmanager.com *.googleapis.com *.google.com *.demdex.net *.day.com *.everesttech.net *.scene7.com *.amazon-adsystem.com *.facebook.com *.googleusercontent.com *.lightboxapi.com *.womenofonroadgroups.com *.canamonroadcommunity.com canamonroadcommunity.com *.learntoride3wheel.com *.limelightplatformevents.com *.valuemytradein.com *.zencdn.net *.zlthunder.net cdn.knightlab.com *.mdex.net *.sea-doo.com *.ski-doo.com *.brpdigital.net tags.tiqcdn.com brp--c.documentforce.com collect.tealiumiq.com *.teads.tv brp.my.salesforce-sites.com cdn.jsdelivr.net stconsumercaseapip01.blob.core.windows.net arttrk.com *.yimg.com www.filepicker.io *.unchartedsociety.com *.qualtrics.com sp.analytics.yahoo.com *.adsrvr.org alb.reddit.com *.googlesyndication.com *.attribution.adswizz.com bf11981lkb.bf.dynatrace.com *.contentsquare.net data.adxcel-ec2.com s.pinimg.com yulvr.ca www.redditstatic.com  ct.pinterest.com 'unsafe-inline' 'unsafe-eval' blob: data: 'self';"} 
 body={"$10,000 - $14,999 ((label for price label hmc module))":"10 000 \u20ac - 14 999 \u20ac","$15,000 - $19,999 ((label for price label hmc module))":"15 000 \u20ac - 19 999 \u20ac","$20,000 - $24,999 ((label for price label hmc module))":"20 000 \u20ac - 24 999 \u20ac","$25,000 + ((label for price label hmc module))":"25.000 \u20ac +","$5,000 - $9,999 ((label for price label hmc module))":"5 000 \u20ac - 9 999 \u20ac","&amp;copy; BRP 2003-{0} ((The footer copyright notice))":"&amp;copy; BRP 2003\u2013{0}","ALL MODELS ((Title of All Model))":"KAIKKI MALLIT","ATV ((Dealer Locator - Type of product sold by a dealer))":"Mönkijä","ATV ((Help me Choose - Label for the Vehicle Type option))":"Mönkijä","ATV ((Product Data - Vehicle Type))":"Mönkijä","Accessories":"Lisävarusteet","Ago ((label for Ago))":"Sitten","Almost Done ((label for Almost Done))":"Melkein valmis","An error has occurred, please try again later. ((Dealer Locator - Message displayed to the user when the system is experiencing problems and can not return any results.))":"Tapahtui virhe, yritä myöhemmin uudelleen.","As customized ((label for As customized))":"Erityistarpeiden mukaiseksi muunneltuna","Autosaved ((label for Autosaved))":"Tallennettu automaattisesti","Available in the following packages ((label for Available in the following packages))":"Saatavana seuraavissa paketeissa","BRANDS":"TUOTEMERKIT","BRP Gold Certified":"BRP Gold Certified","BRP Platinum Certified":"BRP Platinum Certified","BRP Silver Certified":"BRP Silver Certified","Back to Map":"Takaisin kartalle","Back to dealer locator":"Takaisin jälleenmyyjähakuun","Be the first to know about the latest events, news, and deals. ((Text inviting to subscribe to the newsletter (2nd part)))":"Saat tietää tuoreeltaan uusimmat uutiset, tapahtumat ja tarjoukset.","Brakes":"Jarrut","Browse Filters ((Label for browse filters hmc module))":"Näytä suodattimet","Closed":"Kiinni","Closes":"Sulkeutuu","Closes at":"Sulkeutuu klo","Configure ((label for Configure))":"Laadi kokoonpano","Customize ((Label for a button that redirects to the customize your own feature))":"Suunnittele omasi","DIMENSIONS / CAPACITIES":"Mitat / Kapasiteetit","Dealers are selected for their commitment to customer satisfaction and continuous improvement of services.":"Jälleenmyyjämme ovat sitoutuneet asiakastyytyväisyyden ja palveluiden jatkuvaan parantamiseen.","Delete ((label for Delete))":"Poista","Done":"Valmis","Done ((label for Done))":"Valmis","Download spec sheet ((Label for Download Spec sheet))":"Lataa tekniset tiedot","Dynamic Power Steering (DPS) ((Label for Dynamic Power Steering (DPS) Vehicle feature))":"Dynaaminen ohjaustehostin (DPS)","Engine":"Moottori","Engine ((Label for Engine section hmc module))":"Moottori","Engine Selection ((Label for engine selection hmc module))":"Moottorin valinta","Enter Your Location":"Anna sijaintisi","Error":"Virhe","Excludes taxes and registration fees. Accessory installation costs might not be included. Dealers may sell for a different price. Vehicle may not be exactly as shown. The model selected might not be available at the dealership. For full and accurate vehicle pricing information, please contact your local dealer for a detailed quote and availability. ((Product price disclaimer (tooltip)))":"Tämä on suositushinta yhdelle perusmallille ja hinta sisältää ALV:n. Hinta ei sisällä toimituskuluja eikä mahdollisia rekisteröintimaksuja. Lisävarusteiden asennuskulut eivät välttämättä kuulu hintaan. Kuvan laite voi poiketa varsinaisesta laitteesta. Mallia ei välttämättä ole saatavilla kaikilta jälleenmyyjiltä. Tarkan kokonaishinnan ja tiedon laitteen saatavuudesta saat ottamalla yhteyttä paikalliseen jälleenmyyjään.","Fax":"Faksi","Features":"Ominaisuudet","Features ((Label for features hmc module))":"Ominaisuudet","Features Selection ((Label for features selection hmc module))":"","Financing Options ((Label of a link pointing to the estimate payment page))":"","Follow us ((Title of the footer section displaying the social media))":"Seuraa meitä","Friday":"Perjantai","Get a Quote ((Label for Get a Quote))":"Pyydä tarjous","Get a quote":"Pyydä tarjous","How Do You Plan To Use Your Can-Am? ((Label for plan to use hmc module))":"Mihin aiot käyttää Can-Amiasi?","How Many People Will Be Riding Together? ((Label for riding together hmc module))":"Kuinka monta henkilöä haluat mahtuvan kyytiin?","How Much Power Do You Need? (cc) ((Label for engine power hmc module))":"Minkä verran tarvitset tehoa? (cm³)","Hunting ((Label for Hunting usage option))":"Metsästys","Import failed.":"Tuonti epäonnistui.","Importing Products....":"Tuodaan tuotteita...","In Progress ((label for In Progress))":"Kesken","Jet Propulsion Engine ((Dealer Locator - Type of product sold by a dealer))":"Vesisuihkumoottori","Join the Newsletter. ((Text inviting to subscribe to the newsletter (1st part in bold)))":"Tilaa uutiskirje.","Monday":"Maanantai","More ((Label of the More button displaying additional elements in the main navigation))":"Lisää","Mud ((Label for Mud usage option))":"Muta-ajo","Next":"Seuraava","Next ((Label for Next button))":"Seuraava","Next package ((Label for Next package button))":"Seuraava paketti","OPENING HOURS":"AUKIOLOAJAT","On entry package, transportation and preparation may vary based on selection. ((Model price disclaimer))":"Hinta sisältää ALV:n. Hinta ei sisällä rahtia, toimituskuluja eikä rekisteröintimaksuja.","Open":"Auki","Open menu ((label for Open menu))":"Avaa valikko","Opens":"Avataan","Opens at":"Avautuu klo","Outboard Engine ((Dealer Locator - Type of product sold by a dealer))":"","Overview":"Yleiskatsaus","PRODUCTS":"TUOTTEET","Pause":"Keskeytä","Performance ((Label for Performance usage option))":"Suorituskyky","Performance Shocks ((Label for Performance Shocks Vehicle feature))":"Suorituskykyiset iskunvaimentimet","Phone":"Puhelin","Play":"Toista","Previous":"Edellinen","Previous ((Label for Previous button))":"Edellinen","Previous package ((Label for Previous package button))":"Edellinen paketti","Price ((Label for price hmc module))":"Hinta","Price Selection ((Label for price selection section hmc module))":"Hintavalinta","RESULTS ((label for result hmc filter))":"TULOKSET","Recreation-Utility ((Label for Recreation utility usage option))":"Vapaa-aika/hyötykäyttö","Resources ((Title of the footer section displaying useful links))":"Resurssit","Roadster ((Dealer Locator - Type of product sold by a dealer))":"On-Road","Rock Crawling ((Label for Rock Crawling usage option))":"Kivikkoajo","SERVICES":"PALVELUT","SHOWING ((label for showing hmc filter))":"NÄYTETÄÄN","SORRY, THERE ARE NO MATCHES FOR THIS FILTER COMBO. ((label for no result hmc filter))":"NÄILLÄ HAKUEHDOILLA EI VALITETTAVASTI LÖYTYNYT OSUMIA.","Saturday":"Lauantai","Saved Builds ((label for Saved Builds))":"Tallennetut määritykset","Search farther":"Hae kauempaa","Seating ((Label for seating hmc module))":"Istuin","Seating Selection ((Label for seating selection hmc module))":"","Select Your Package ((lable for Select Your Package))":"Valitse paketti","Send to dealer ((label for Send to dealer))":"Lähetä jälleenmyyjälle","Service":"Huolto","Showroom":"Esittelytila","Side-by-Side ((Help me Choose - Label for the Vehicle Type option))":"Rinnakkainistuttava ajoneuvo","Side-by-Side ((Product Data - Vehicle Type))":"Side by side","Side-by-side vehicle ((Dealer Locator - Type of product sold by a dealer))":"Rinnakkainistuttava ajoneuvo","Sign up ((Title of the footer section displaying the newsletter subscription form))":"Tilaa uutiskirje","Smart Lok Differential ((Label for Smart Lok Differential Vehicle feature))":"Smart Lok Differential","Smart-Lok Tech ((Label for Smart-Lok Tech Vehicle feature))":"Smart-Lok-teknologia","Snowmobile ((Dealer Locator - Type of product sold by a dealer))":"Moottorikelkka","Sorry, no dealers were found near your area. ((Dealer Locator - Message displayed to the user when no result is found.))":"Alueeltasi ei löytynyt jälleenmyyjiä.","Special Offers ((Label for Special offers))":"Book a Test-ride","Start a New Build ((label for Start a New Build))":"Aloita uusi määritys","Starting at ((Label for start price of nameplate))":"Alkaen","Starting at {0}":"Alkaen &lt;b&gt;{0}&lt;\/b&gt;","Starting from":"Alkaen","Starting from span.price {0} {1}":"Alkaen &lt;{1} class=\"price\"&gt;{0}&lt;\/{1}&gt;","Starting from ((Label for start price of Trim))":"Alkaen","Storage":"Säilytys","Storage Summer":"Kesäsäilytys","Subscribe ((Label for a subscription button))":"Tilaa","Sunday":"Sunnuntai","Suspension":"Jousitus","TIRES/WHEELS":"RENKAAT/VANTEET","Test Drives":"Koeajot","This MSRP is the one of the {0} {1} entry package and excludes freight, delivery charge, taxes and registration fees. Accessory installation costs might not be included. Dealers may sell for a different price. Vehicle may not be exactly as shown. The model selected might not be available at the dealership. For full and accurate vehicle pricing information, please contact your local dealer for a detailed quote and availability. ((Product price disclaimer (tooltip)))":"This Manufacturer Retail Price is the one of the {0} {1} entry package and includes ALV, but excludes transportation, delivery and registration fees. Accessory installation costs might not be included. Dealers may sell for a different price. Vehicle may not be exactly as shown. The model selected might not be available at the dealership. For full and accurate vehicle pricing information, please contact your local dealer for a detailed quote and availability.","Thursday":"Torstai","Trail ((Label for Hunting usage option))":"Maasto","Tuesday":"Tiistai","Under $5,000 ((label for price label hmc module))":"Alle 4 999 \u20ac","Usage ((Label for Usage section hmc module))":"Käyttötarkoitus","Usage Selection ((Label for usage selection hmc module))":"Käyttötarkoituksen valinta","Vehicle type ((Label for Vehicle type section hmc module))":"Ajoneuvon tyyppi","Vehicle Type Selection ((Label for vehicle type sele... (set the log level to DEBUG or TRACE to see the full content) 
 </msg>
<msg time="2024-09-29T09:33:16.393947" level="INFO">${RESPONSE} = &lt;Response [200]&gt;</msg>
<var>${RESPONSE}</var>
<arg>filters</arg>
<arg>url=${URL_DICTIONARY}</arg>
<doc>Sends a GET request on a previously created HTTP Session.</doc>
<status status="PASS" start="2024-09-29T09:33:15.820667" elapsed="0.573280"/>
</kw>
<kw name="Set Global Variable" owner="BuiltIn">
<msg time="2024-09-29T09:33:16.393947" level="INFO">${RESPONSE} = &lt;Response [200]&gt;</msg>
<arg>${RESPONSE}</arg>
<doc>Makes a variable available globally in all tests and suites.</doc>
<status status="PASS" start="2024-09-29T09:33:16.393947" elapsed="0.000000"/>
</kw>
<arg>${URL_DICTIONARY}</arg>
<status status="PASS" start="2024-09-29T09:33:15.820129" elapsed="0.573818"/>
</kw>
<kw name="THEN the user checks the translations for the texts: &quot;${MODELS}&quot;, &quot;${ENDS_ON_POW}, &quot;${ENDS_ON}&quot;, &quot;${DEAL_AND_OFFERS}&quot;" owner="filter_keywords" source_name="THEN the user checks the translations for the texts: &quot;${MODELS}&quot;, &quot;${ENDS_ON_POW}, &quot;${ENDS_ON}&quot;, &quot;${DEAL_AND_OFFERS}&quot;">
<kw name="Should Be Equal" owner="BuiltIn">
<arg>${RESPONSE.json()['Models']}</arg>
<arg>${MODELS}</arg>
<doc>Fails if the given objects are unequal.</doc>
<status status="PASS" start="2024-09-29T09:33:16.394950" elapsed="0.001003"/>
</kw>
<kw name="Log" owner="BuiltIn">
<msg time="2024-09-29T09:33:16.396955" level="INFO">Mallit</msg>
<arg>${RESPONSE.json()['Models']}</arg>
<doc>Logs the given message with the given level.</doc>
<status status="PASS" start="2024-09-29T09:33:16.395953" elapsed="0.001002"/>
</kw>
<kw name="Should Be Equal" owner="BuiltIn">
<arg>${RESPONSE.json()['Ends on ((POW))']}</arg>
<arg>${ENDS_ON_POW}</arg>
<doc>Fails if the given objects are unequal.</doc>
<status status="PASS" start="2024-09-29T09:33:16.396955" elapsed="0.001000"/>
</kw>
<kw name="Log" owner="BuiltIn">
<msg time="2024-09-29T09:33:16.397955" level="INFO">Päättyy {0}</msg>
<arg>${RESPONSE.json()['Ends on ((POW))']}</arg>
<doc>Logs the given message with the given level.</doc>
<status status="PASS" start="2024-09-29T09:33:16.397955" elapsed="0.000000"/>
</kw>
<kw name="Should Be Equal" owner="BuiltIn">
<arg>${RESPONSE.json()['Ends on']}</arg>
<arg>${ENDS_ON}</arg>
<doc>Fails if the given objects are unequal.</doc>
<status status="PASS" start="2024-09-29T09:33:16.399170" elapsed="0.000000"/>
</kw>
<kw name="Log" owner="BuiltIn">
<msg time="2024-09-29T09:33:16.400187" level="INFO">Päättyy</msg>
<arg>${RESPONSE.json()['Ends on']}</arg>
<doc>Logs the given message with the given level.</doc>
<status status="PASS" start="2024-09-29T09:33:16.400187" elapsed="0.000000"/>
</kw>
<kw name="Should Be Equal" owner="BuiltIn">
<arg>${RESPONSE.json()['Deal and offers']}</arg>
<arg>${DEAL_AND_OFFERS}</arg>
<doc>Fails if the given objects are unequal.</doc>
<status status="PASS" start="2024-09-29T09:33:16.401188" elapsed="0.000727"/>
</kw>
<kw name="Log" owner="BuiltIn">
<msg time="2024-09-29T09:33:16.402923" level="INFO">Deal and offers</msg>
<arg>${RESPONSE.json()['Deal and offers']}</arg>
<doc>Logs the given message with the given level.</doc>
<status status="PASS" start="2024-09-29T09:33:16.401915" elapsed="0.001008"/>
</kw>
<status status="PASS" start="2024-09-29T09:33:16.393947" elapsed="0.008976"/>
</kw>
<arg>${url_dictionary}</arg>
<arg>${models}</arg>
<arg>${ends_on_pow}</arg>
<arg>${ends_on}</arg>
<arg>${deal_and_offers}</arg>
<status status="PASS" start="2024-09-29T09:33:15.819626" elapsed="0.583297"/>
</kw>
<arg>Scenario Outline 01 - Verify translations for Ends on and Models on Promotion Page and Promotion Banner</arg>
<arg>${url_dictionary}</arg>
<arg>${models}</arg>
<arg>${ends_on_pow}</arg>
<arg>${ends_on}</arg>
<arg>${deal_and_offers}</arg>
<doc>Runs the keyword and continues execution even if a failure occurs.</doc>
<status status="PASS" start="2024-09-29T09:33:15.819626" elapsed="0.583297"/>
</kw>
<var name="${lang}">FI</var>
<status status="PASS" start="2024-09-29T09:33:15.818234" elapsed="0.584689"/>
</iter>
<iter>
<kw name="Set Variable" owner="BuiltIn">
<msg time="2024-09-29T09:33:16.402923" level="INFO">${url_dictionary} = https://can-am.brp.com/libs/cq/i18n/dict.no-NO.json</msg>
<var>${url_dictionary}</var>
<arg>${${lang}}</arg>
<doc>Returns the given values which can then be assigned to a variables.</doc>
<status status="PASS" start="2024-09-29T09:33:16.402923" elapsed="0.000000"/>
</kw>
<kw name="Set Variable" owner="BuiltIn">
<msg time="2024-09-29T09:33:16.403926" level="INFO">${models} = Modeller</msg>
<var>${models}</var>
<arg>${${lang}_MODELS}</arg>
<doc>Returns the given values which can then be assigned to a variables.</doc>
<status status="PASS" start="2024-09-29T09:33:16.402923" elapsed="0.001003"/>
</kw>
<kw name="Set Variable" owner="BuiltIn">
<msg time="2024-09-29T09:33:16.403926" level="INFO">${ends_on_pow} = Slutter på {0}</msg>
<var>${ends_on_pow}</var>
<arg>${${lang}_ENDS_ON_POW}</arg>
<doc>Returns the given values which can then be assigned to a variables.</doc>
<status status="PASS" start="2024-09-29T09:33:16.403926" elapsed="0.000000"/>
</kw>
<kw name="Set Variable" owner="BuiltIn">
<msg time="2024-09-29T09:33:16.403926" level="INFO">${ends_on} = Slutter på</msg>
<var>${ends_on}</var>
<arg>${${lang}_ENDS_ON}</arg>
<doc>Returns the given values which can then be assigned to a variables.</doc>
<status status="PASS" start="2024-09-29T09:33:16.403926" elapsed="0.000000"/>
</kw>
<kw name="Set Variable" owner="BuiltIn">
<msg time="2024-09-29T09:33:16.403926" level="INFO">${deal_and_offers} = Deal and offers</msg>
<var>${deal_and_offers}</var>
<arg>${${lang}_DEAL_AND_OFFERS}</arg>
<doc>Returns the given values which can then be assigned to a variables.</doc>
<status status="PASS" start="2024-09-29T09:33:16.403926" elapsed="0.000000"/>
</kw>
<kw name="Run Keyword And Continue On Failure" owner="BuiltIn">
<kw name="Scenario Outline 01 - Verify translations for Ends on and Models on Promotion Page and Promotion Banner">
<kw name="GIVEN client sends GET request to filter endpoint" owner="filter_keywords">
<kw name="Create Session" owner="RequestsLibrary">
<msg time="2024-09-29T09:33:16.405930" level="INFO">Creating Session using : alias=filters, url=https://can-am.brp.com/libs/cq/i18n/dict.no-NO.json, headers={},                     cookies={}, auth=None, timeout=None, proxies=None, verify=True,                     debug=0 </msg>
<arg>filters</arg>
<arg>${URL_DICTIONARY}</arg>
<arg>verify=true</arg>
<doc>Create Session: create a HTTP session to a server</doc>
<status status="PASS" start="2024-09-29T09:33:16.404928" elapsed="0.001002"/>
</kw>
<kw name="Get On Session" owner="RequestsLibrary">
<msg time="2024-09-29T09:33:16.930836" level="INFO">GET Request : url=https://can-am.brp.com/libs/cq/i18n/dict.no-NO.json/https://can-am.brp.com/libs/cq/i18n/dict.no-NO.json 
 path_url=/libs/cq/i18n/dict.no-NO.json/https://can-am.brp.com/libs/cq/i18n/dict.no-NO.json 
 headers={'User-Agent': 'python-requests/2.31.0', 'Accept-Encoding': 'gzip, deflate', 'Accept': '*/*', 'Connection': 'keep-alive'} 
 body=None 
 </msg>
<msg time="2024-09-29T09:33:16.931855" level="INFO">GET Response : url=https://can-am.brp.com/libs/cq/i18n/dict.no-NO.json/https://can-am.brp.com/libs/cq/i18n/dict.no-NO.json 
 status=200, reason=OK 
 headers={'Content-Length': '20120', 'strict-transport-security': 'max-age=63072000; includeSubdomains;preload', 'x-frame-options': 'SAMEORIGIN, SAMEORIGIN', 'Permissions-Policy': 'geolocation=(self)', 'referrer-policy': 'no-referrer-when-downgrade', 'Server-Timing': 'dtRpid;desc="614771630", dtSInfo;desc="0"', 'x-oneagent-js-injection': 'true', 'x-sky-isauth': '0', 'ETag': '"8e75a7a55d4a8f018174009dd9111ced:dtagent10299240903104354WagE-gzip"', 'Content-Encoding': 'gzip', 'Content-Type': 'application/json;charset=utf-8', 'X-Content-Type-Options': 'nosniff', 'Accept-Ranges': 'bytes', 'X-Served-By': 'cache-gru-sbsp2090078-GRU', 'X-Timer': 'S1727612943.871310,VS0,VS0,VE136', 'Cache-Control': 'public, max-age=1209551', 'Expires': 'Sun, 13 Oct 2024 12:28:14 GMT', 'Date': 'Sun, 29 Sep 2024 12:29:03 GMT', 'Connection': 'keep-alive', 'Vary': 'Accept-Encoding', 'Set-Cookie': 'dtCookie=v_4_srv_2_sn_A3255732C398B972E71FDBD82A5B0CCF_perc_100000_ol_0_mul_1_app-3A4d8b1c65f247964a_1; Path=/; Domain=.brp.com, affinity="849eb9b50185777a"; Path=/; HttpOnly; secure, akacd_prd_mig=1727613243~rv=49~id=2c52750402bde1407b1fc147b1792308; path=/; Expires=Sun, 29 Sep 2024 12:34:03 GMT; Secure; SameSite=None', 'Content-Security-Policy': "default-src *.groupepdi.com *.net-fs.com *.onetrust.com *.cookielaw.org alumacraft.com *.alumacraft.com *.manitoupontoonboats.com *.wufoo.com unpkg.com *.yandex.ru my.matterport.com airtable.com ds-aksb-a.akamaihd.net monkeys-fist-for-brp.com *.myfeelback.com mfb.li mailchi.mp *.cdninstagram.com *.stackla.com fareharbor.com *.peek.com *.salecycle.com story.brplynx.com *.cloudfront.net mpembed.com *.googleadservices.com *.slideshare.net *.hotjar.com *.typekit.net *.bootstrapcdn.com *.salesforce.com *.omtrdc.net service.force.com *.adobedtm.com *.google.ca *.gstatic.com *.azurewebsites.net *.lightboxcdn.com *.salesforceliveagent.com *.force.com *.moatads.com *.youtube.com *.addthisedge.com *.addthis.com *.cloudflare.com *.doubleclick.net *.brp.com *.facebook.net *.azureedge.net *.google-analytics.com *.googletagmanager.com *.googleapis.com *.google.com *.demdex.net *.day.com *.everesttech.net *.scene7.com *.amazon-adsystem.com *.facebook.com *.googleusercontent.com *.lightboxapi.com *.womenofonroadgroups.com *.canamonroadcommunity.com canamonroadcommunity.com *.learntoride3wheel.com *.limelightplatformevents.com *.valuemytradein.com *.zencdn.net *.zlthunder.net cdn.knightlab.com *.mdex.net *.sea-doo.com *.ski-doo.com *.brpdigital.net tags.tiqcdn.com brp--c.documentforce.com collect.tealiumiq.com *.teads.tv brp.my.salesforce-sites.com cdn.jsdelivr.net stconsumercaseapip01.blob.core.windows.net arttrk.com *.yimg.com www.filepicker.io *.unchartedsociety.com *.qualtrics.com sp.analytics.yahoo.com *.adsrvr.org alb.reddit.com *.googlesyndication.com *.attribution.adswizz.com bf11981lkb.bf.dynatrace.com *.contentsquare.net data.adxcel-ec2.com s.pinimg.com yulvr.ca www.redditstatic.com  ct.pinterest.com 'unsafe-inline' 'unsafe-eval' blob: data: 'self';"} 
 body={"$10,000 - $14,999 ((label for price label hmc module))":"100 000 kr - 149 999 kr","$15,000 - $19,999 ((label for price label hmc module))":"150 000 kr - 199 999 kr","$20,000 - $24,999 ((label for price label hmc module))":"200 000 kr - 249 999 kr","$25,000 + ((label for price label hmc module))":"250 000 kr +","$5,000 - $9,999 ((label for price label hmc module))":"50 000 kr - 99 999 kr","&amp;copy; BRP 2003-{0} ((The footer copyright notice))":"&amp;copy; BRP 2003-{0}","ALL MODELS ((Title of All Model))":"ALLE MODELLER","ATV ((Dealer Locator - Type of product sold by a dealer))":"ATV","ATV ((Help me Choose - Label for the Vehicle Type option))":"ATV","ATV ((Product Data - Vehicle Type))":"ATV","Accessories":"Tilbehør","Ago ((label for Ago))":"Siden","Almost Done ((label for Almost Done))":"Nesten ferdig","An error has occurred, please try again later. ((Dealer Locator - Message displayed to the user when the system is experiencing problems and can not return any results.))":"Det har oppstått en feil, prøv igjen senere.","As customized ((label for As customized))":"Som tilpasset","Autosaved ((label for Autosaved))":"Automatisk lagret","Available in the following packages ((label for Available in the following packages))":"Tilgjengelig i følgende pakker","BRANDS":"MERKER","BRP Gold Certified":"BRP Gull-sertifisert","BRP Platinum Certified":"BRP Platina-sertifisert","BRP Silver Certified":"BRP Sølv-sertifisert","Back to Map":"Tilbake til Kart","Back to dealer locator":"Tilbake til forhandlersøk","Be the first to know about the latest events, news, and deals. ((Text inviting to subscribe to the newsletter (2nd part)))":"Vær den første til å få vite om de siste arrangementer, nyheter og tilbud.","Brakes":"Bremser","Browse Filters ((Label for browse filters hmc module))":"Se filtere","Closed":"Lukket","Closes":"Lukker","Closes at":"Lukker på","Configure ((label for Configure))":"Konfigurer","Customize ((Label for a button that redirects to the customize your own feature))":"Tilpass","DIMENSIONS / CAPACITIES":"Dimensjoner / Kapasiteter","Dealers are selected for their commitment to customer satisfaction and continuous improvement of services.":"Forhandlerne velges på grunnlag av deres innsats for kundetilfredsheten og en kontinuerlig forbedring av tjenestene.","Delete ((label for Delete))":"Slett","Done":"Ferdig","Done ((label for Done))":"Ferdig","Download spec sheet ((Label for Download Spec sheet))":"Last ned spesifikasjonsark","Dynamic Power Steering (DPS) ((Label for Dynamic Power Steering (DPS) Vehicle feature))":"Dynamisk servostyring (DPS)","Engine":"Motor","Engine ((Label for Engine section hmc module))":"Motor","Engine Selection ((Label for engine selection hmc module))":"Motorvalg","Enter Your Location":"Angi posisjonen din","Error":"Feil","Excludes taxes and registration fees. Accessory installation costs might not be included. Dealers may sell for a different price. Vehicle may not be exactly as shown. The model selected might not be available at the dealership. For full and accurate vehicle pricing information, please contact your local dealer for a detailed quote and availability. ((Product price disclaimer (tooltip)))":"Produsentens utsalgspris er en foreslått startpris og inkluderer MVA, registreringsavgift og leveringsomkostninger. Ved kjøp av tilbehør vil det kunne komme tillegg for monteringskostnader. Prisene kan variere fra den enkelte forhandler. Kjøretøy vil kunne se annerledes ut enn det bildene viser. Det kan forekomme at kjøretøyet ikke er tilgjengelig hos den enkelte forhandler. For å få en nøyaktig tilgjengelighet, pris på kjøretøy og tilbehør montert, vennligst kontakt din lokale forhandler.","Fax":"Faks","Features":"Egenskaper","Features ((Label for features hmc module))":"Høydepunkter","Features Selection ((Label for features selection hmc module))":"","Financing Options ((Label of a link pointing to the estimate payment page))":"","Follow us ((Title of the footer section displaying the social media))":"Følg oss","Friday":"Fredag","Get a Quote ((Label for Get a Quote))":"Be om et tilbud","Get a quote":"Be om et tilbud","How Do You Plan To Use Your Can-Am? ((Label for plan to use hmc module))":"Hvordan har du tenkt å bruke din Can-Am?","How Many People Will Be Riding Together? ((Label for riding together hmc module))":"Hvor mange personer skal kjøre sammen?","How Much Power Do You Need? (cc) ((Label for engine power hmc module))":"Hvor stor motorkraft trenger du? (cc)","Hunting ((Label for Hunting usage option))":"Jakt","Import failed.":"Importen feilet.","Importing Products....":"Importerer produkter...","In Progress ((label for In Progress))":"I gang","Jet Propulsion Engine ((Dealer Locator - Type of product sold by a dealer))":"Jetmotor","Join the Newsletter. ((Text inviting to subscribe to the newsletter (1st part in bold)))":"Bli med på nyhetsbrevet.","Monday":"Mandag","More ((Label of the More button displaying additional elements in the main navigation))":"Mer","Mud ((Label for Mud usage option))":"Gjørme","Next":"Neste","Next ((Label for Next button))":"Neste","Next package ((Label for Next package button))":"Neste pakke","OPENING HOURS":"ÅPNINGSTIDER","On entry package, transportation and preparation may vary based on selection. ((Model price disclaimer))":"Startprisen er inkludert MVA og leveringsomkostninger.","Open":"Åpnet","Open menu ((label for Open menu))":"Åpne meny","Opens":"Åpner","Opens at":"Åpner kl","Outboard Engine ((Dealer Locator - Type of product sold by a dealer))":"","Overview":"Oversikt","PRODUCTS":"PRODUKTER","Pause":"Pause","Performance ((Label for Performance usage option))":"Ytelse","Performance Shocks ((Label for Performance Shocks Vehicle feature))":"Ytelsesdempere","Phone":"Telefon","Play":"Fritid","Previous":"Forrige","Previous ((Label for Previous button))":"Forrige","Previous package ((Label for Previous package button))":"Forrige pakke","Price ((Label for price hmc module))":"Pris","Price Selection ((Label for price selection section hmc module))":"Prisvalg","RESULTS ((label for result hmc filter))":"RESULTATER","Recreation-Utility ((Label for Recreation utility usage option))":"Rekreasjon-Nytte","Resources ((Title of the footer section displaying useful links))":"Ressurser","Roadster ((Dealer Locator - Type of product sold by a dealer))":"On-Road","Rock Crawling ((Label for Rock Crawling usage option))":"Klatring i fjell","SERVICES":"TJENESTER","SHOWING ((label for showing hmc filter))":"VISER","SORRY, THERE ARE NO MATCHES FOR THIS FILTER COMBO. ((label for no result hmc filter))":"BEKLAGER, DET FINNES IKKE NOE SOM MATCHER DENNE FILTERKOMBINASJONEN.","Saturday":"Lørdag","Saved Builds ((label for Saved Builds))":"Lagrede konfigureringer","Search farther":"Søk videre","Seating ((Label for seating hmc module))":"Seter","Seating Selection ((Label for seating selection hmc module))":"","Select Your Package ((lable for Select Your Package))":"Velg din pakke","Send to dealer ((label for Send to dealer))":"Send til forhandler","Service":"Service","Showroom":"Utstilling","Side-by-Side ((Help me Choose - Label for the Vehicle Type option))":"SSV","Side-by-Side ((Product Data - Vehicle Type))":"","Side-by-side vehicle ((Dealer Locator - Type of product sold by a dealer))":"Side-by-side kjøretøy","Sign up ((Title of the footer section displaying the newsletter subscription form))":"Meld deg på","Smart Lok Differential ((Label for Smart Lok Differential Vehicle feature))":"Smart Lok Differential","Smart-Lok Tech ((Label for Smart-Lok Tech Vehicle feature))":"Smart-Lok-teknologi","Snowmobile ((Dealer Locator - Type of product sold by a dealer))":"Snøscooter","Sorry, no dealers were found near your area. ((Dealer Locator - Message displayed to the user when no result is found.))":"Beklager, det ble ikke funnet noen forhandlere i nærheten.","Special Offers ((Label for Special offers))":"Book a Test-ride","Start a New Build ((label for Start a New Build))":"Start en ny konfigurering","Starting at ((Label for start price of nameplate))":"Fra","Starting at {0}":"Fra &lt;b&gt;{0}&lt;\/b&gt;","Starting from":"Starter fra","Starting from span.price {0} {1}":"Starter fra &lt;{1} class=\"price\"&gt;{0}&lt;\/{1}&gt;","Starting from ((Label for start price of Trim))":"Starter fra","Storage":"Oppbevaring","Storage Summer":"Sommerlagring","Subscribe ((Label for a subscription button))":"Abonner","Sunday":"Søndag","Suspension":"Oppheng","TIRES/WHEELS":"DEKK/FELGER","Test Drives":"Prøvekjøring","This MSRP is the one of the {0} {1} entry package and excludes freight, delivery charge, taxes and registration fees. Accessory installation costs might not be included. Dealers may sell for a different price. Vehicle may not be exactly as shown. The model selected might not be available at the dealership. For full and accurate vehicle pricing information, please contact your local dealer for a detailed quote and availability. ((Product price disclaimer (tooltip)))":"This Manufacturer Retail Price is the one of the {0} {1} entry package and includes MVA, delivery costs and registration fees. Accessory installation costs might not be included. Dealers may sell for a different price. Vehicle may not be exactly as shown. The model selected might not be available at the dealership. For full and accurate vehicle pricing information, please contact your local dealer for a detailed quote and availability.","Thursday":"Torsdag","Trail ((Label for Hunting usage option))":"Løype","Tuesday":"Tirsdag","Under $5,000 ((label for price label hmc module))":"Under 49 999 kr","Usage ((Label for Usage section hmc module))":"Bruk","Usage Selection ((Label for usage selection hmc module))":"Bruksvalg","Vehicle Type Selection ((Label for vehicle type selection hmc module))":"Valg av type kjøretøy","Vehicle type ((Label for Vehicle type section hmc module))":"Kjøretøytype","View list":"Se liste","Warranty":"Garanti","Watch Now ((Label for button that open a youtube video in a modal))":"Se nå","Watercraft ((Dealer Locator - Type of prod... (set the log level to DEBUG or TRACE to see the full content) 
 </msg>
<msg time="2024-09-29T09:33:16.931855" level="INFO">${RESPONSE} = &lt;Response [200]&gt;</msg>
<var>${RESPONSE}</var>
<arg>filters</arg>
<arg>url=${URL_DICTIONARY}</arg>
<doc>Sends a GET request on a previously created HTTP Session.</doc>
<status status="PASS" start="2024-09-29T09:33:16.405930" elapsed="0.525925"/>
</kw>
<kw name="Set Global Variable" owner="BuiltIn">
<msg time="2024-09-29T09:33:16.932849" level="INFO">${RESPONSE} = &lt;Response [200]&gt;</msg>
<arg>${RESPONSE}</arg>
<doc>Makes a variable available globally in all tests and suites.</doc>
<status status="PASS" start="2024-09-29T09:33:16.931855" elapsed="0.000994"/>
</kw>
<arg>${URL_DICTIONARY}</arg>
<status status="PASS" start="2024-09-29T09:33:16.404928" elapsed="0.527921"/>
</kw>
<kw name="THEN the user checks the translations for the texts: &quot;${MODELS}&quot;, &quot;${ENDS_ON_POW}, &quot;${ENDS_ON}&quot;, &quot;${DEAL_AND_OFFERS}&quot;" owner="filter_keywords" source_name="THEN the user checks the translations for the texts: &quot;${MODELS}&quot;, &quot;${ENDS_ON_POW}, &quot;${ENDS_ON}&quot;, &quot;${DEAL_AND_OFFERS}&quot;">
<kw name="Should Be Equal" owner="BuiltIn">
<arg>${RESPONSE.json()['Models']}</arg>
<arg>${MODELS}</arg>
<doc>Fails if the given objects are unequal.</doc>
<status status="PASS" start="2024-09-29T09:33:16.932849" elapsed="0.001001"/>
</kw>
<kw name="Log" owner="BuiltIn">
<msg time="2024-09-29T09:33:16.934850" level="INFO">Modeller</msg>
<arg>${RESPONSE.json()['Models']}</arg>
<doc>Logs the given message with the given level.</doc>
<status status="PASS" start="2024-09-29T09:33:16.933850" elapsed="0.002000"/>
</kw>
<kw name="Should Be Equal" owner="BuiltIn">
<arg>${RESPONSE.json()['Ends on ((POW))']}</arg>
<arg>${ENDS_ON_POW}</arg>
<doc>Fails if the given objects are unequal.</doc>
<status status="PASS" start="2024-09-29T09:33:16.935850" elapsed="0.001002"/>
</kw>
<kw name="Log" owner="BuiltIn">
[...]
<kw name="Set Variable" owner="BuiltIn">
<msg time="2024-09-29T09:33:20.190864" level="INFO">${ends_on} = Termina il</msg>
<var>${ends_on}</var>
<arg>${${lang}_ENDS_ON}</arg>
<doc>Returns the given values which can then be assigned to a variables.</doc>
<status status="PASS" start="2024-09-29T09:33:20.190864" elapsed="0.000000"/>
</kw>
<kw name="Set Variable" owner="BuiltIn">
<msg time="2024-09-29T09:33:20.190864" level="INFO">${deal_and_offers} = Deal and offers</msg>
<var>${deal_and_offers}</var>
<arg>${${lang}_DEAL_AND_OFFERS}</arg>
<doc>Returns the given values which can then be assigned to a variables.</doc>
<status status="PASS" start="2024-09-29T09:33:20.190864" elapsed="0.000000"/>
</kw>
<kw name="Run Keyword And Continue On Failure" owner="BuiltIn">
<kw name="Scenario Outline 01 - Verify translations for Ends on and Models on Promotion Page and Promotion Banner">
<kw name="GIVEN client sends GET request to filter endpoint" owner="filter_keywords">
<kw name="Create Session" owner="RequestsLibrary">
<msg time="2024-09-29T09:33:20.190864" level="INFO">Creating Session using : alias=filters, url=https://can-am.brp.com/libs/cq/i18n/dict.it-IT.json, headers={},                     cookies={}, auth=None, timeout=None, proxies=None, verify=True,                     debug=0 </msg>
<arg>filters</arg>
<arg>${URL_DICTIONARY}</arg>
<arg>verify=true</arg>
<doc>Create Session: create a HTTP session to a server</doc>
<status status="PASS" start="2024-09-29T09:33:20.190864" elapsed="0.000000"/>
</kw>
<kw name="Get On Session" owner="RequestsLibrary">
<msg time="2024-09-29T09:33:21.542725" level="INFO">GET Request : url=https://can-am.brp.com/libs/cq/i18n/dict.it-IT.json/https://can-am.brp.com/libs/cq/i18n/dict.it-IT.json 
 path_url=/libs/cq/i18n/dict.it-IT.json/https://can-am.brp.com/libs/cq/i18n/dict.it-IT.json 
 headers={'User-Agent': 'python-requests/2.31.0', 'Accept-Encoding': 'gzip, deflate', 'Accept': '*/*', 'Connection': 'keep-alive'} 
 body=None 
 </msg>
<msg time="2024-09-29T09:33:21.542725" level="INFO">GET Response : url=https://can-am.brp.com/libs/cq/i18n/dict.it-IT.json/https://can-am.brp.com/libs/cq/i18n/dict.it-IT.json 
 status=200, reason=OK 
 headers={'strict-transport-security': 'max-age=63072000; includeSubdomains;preload', 'x-frame-options': 'SAMEORIGIN, SAMEORIGIN', 'Permissions-Policy': 'geolocation=(self)', 'referrer-policy': 'no-referrer-when-downgrade', 'Server-Timing': 'dtRpid;desc="-565074132", dtSInfo;desc="0"', 'x-oneagent-js-injection': 'true', 'x-sky-isauth': '0', 'ETag': '"8ff7684eef443cd211ffb6708bdac985:dtagent10299240903104354WagE-gzip"', 'Content-Encoding': 'gzip', 'Content-Type': 'application/json;charset=utf-8', 'X-Content-Type-Options': 'nosniff', 'Accept-Ranges': 'bytes', 'X-Served-By': 'cache-gru-sbsp2090076-GRU', 'X-Timer': 'S1727612947.669641,VS0,VS0,VE518', 'Cache-Control': 'public, max-age=1209600', 'Expires': 'Sun, 13 Oct 2024 12:29:07 GMT', 'Date': 'Sun, 29 Sep 2024 12:29:07 GMT', 'Transfer-Encoding': 'chunked', 'Connection': 'keep-alive, Transfer-Encoding', 'Vary': 'Accept-Encoding', 'Set-Cookie': 'dtCookie=v_4_srv_13_sn_14867C958E275A3ABE29ECDA413CF189_perc_100000_ol_0_mul_1_app-3A4d8b1c65f247964a_1; Path=/; Domain=.brp.com, affinity="8e33ee5b840d2b69"; Path=/; HttpOnly; secure, akacd_prd_mig=1727613247~rv=97~id=656937072c7f608bcba8dfbe7f891134; path=/; Expires=Sun, 29 Sep 2024 12:34:07 GMT; Secure; SameSite=None', 'Content-Security-Policy': "default-src *.groupepdi.com *.net-fs.com *.onetrust.com *.cookielaw.org alumacraft.com *.alumacraft.com *.manitoupontoonboats.com *.wufoo.com unpkg.com *.yandex.ru my.matterport.com airtable.com ds-aksb-a.akamaihd.net monkeys-fist-for-brp.com *.myfeelback.com mfb.li mailchi.mp *.cdninstagram.com *.stackla.com fareharbor.com *.peek.com *.salecycle.com story.brplynx.com *.cloudfront.net mpembed.com *.googleadservices.com *.slideshare.net *.hotjar.com *.typekit.net *.bootstrapcdn.com *.salesforce.com *.omtrdc.net service.force.com *.adobedtm.com *.google.ca *.gstatic.com *.azurewebsites.net *.lightboxcdn.com *.salesforceliveagent.com *.force.com *.moatads.com *.youtube.com *.addthisedge.com *.addthis.com *.cloudflare.com *.doubleclick.net *.brp.com *.facebook.net *.azureedge.net *.google-analytics.com *.googletagmanager.com *.googleapis.com *.google.com *.demdex.net *.day.com *.everesttech.net *.scene7.com *.amazon-adsystem.com *.facebook.com *.googleusercontent.com *.lightboxapi.com *.womenofonroadgroups.com *.canamonroadcommunity.com canamonroadcommunity.com *.learntoride3wheel.com *.limelightplatformevents.com *.valuemytradein.com *.zencdn.net *.zlthunder.net cdn.knightlab.com *.mdex.net *.sea-doo.com *.ski-doo.com *.brpdigital.net tags.tiqcdn.com brp--c.documentforce.com collect.tealiumiq.com *.teads.tv brp.my.salesforce-sites.com cdn.jsdelivr.net stconsumercaseapip01.blob.core.windows.net arttrk.com *.yimg.com www.filepicker.io *.unchartedsociety.com *.qualtrics.com sp.analytics.yahoo.com *.adsrvr.org alb.reddit.com *.googlesyndication.com *.attribution.adswizz.com bf11981lkb.bf.dynatrace.com *.contentsquare.net data.adxcel-ec2.com s.pinimg.com yulvr.ca www.redditstatic.com  ct.pinterest.com 'unsafe-inline' 'unsafe-eval' blob: data: 'self';"} 
 body={"Accessories":"Accessori","dimensionsCapacitiesTowingCapacity ((Trim details property))":"Capacità di traino","dimensionsCapacitiesWheelbase ((Trim details property))":"Passo","dimensionsCapacitiesWidth ((Trim details property))":"Larghezza","engine ((Trim details property))":"Motore","engineDriveTrain ((Trim details property))":"Sistema di trasmissione","engineDrivingAssistance ((Trim details property))":"Assistenza alla guida","engineFuelDeliverySystem ((Trim details property))":"Sistema di alimentazione carburante","featuresBattery ((Trim details property))":"Batteria","featuresGauge ((Trim details property))":"Indicatore","featuresInstrumentation ((Trim details property))":"Strumentazione","featuresLighting ((Trim details property))":"Illuminazione","featuresMagneto ((Trim details property))":"Alternatore","featuresProtection ((Trim details property))":"Protezione","featuresSeat ((Trim details property))":"Sedile","enginePowerSteering ((Trim details property))":"Servosterzo","suspensionsFrontShocks ((Trim details property))":"Ammortizzatori anteriori","suspensionsFrontSuspension ((Trim details property))":"Sospensione anteriore","tiresWheelsFrontTires ((Trim details property))":"Pneumatici anteriori","tiresWheelsRearTires ((Trim details property))":"Pneumatici posteriori","tiresWheelsWheels ((Trim details property))":"Cerchi","warrantyExtended ((Trim details property))":"Estesa","warrantyFactory ((Trim details property))":"Del produttore","Suspension":"Sospensione","TIRES/WHEELS":"PNEUMATICI/CERCHI","Brakes":"Freni","DIMENSIONS / CAPACITIES":"Dimensioni / Capacità","Warranty":"Garanzia","SSV ((Help me Choose - Label for the Vehicle Type option))":"Side-by-Side","Book a test drive ((Label for Book a test drive))":"Prenota una prova su strada","Find a dealer ((Label for Find a dealer))":"Trova un concessionario","Share with a friend ((Label for Share with a friend))":"Condividi","Trail ((Label for Trail ride type option))":"","On &amp; Off Trail ((Label for On &amp; Off Trail ride type option))":"","Performance Trail ((Label for Performance Trail ride type option))":"Sentiero","Dynamic Power Steering (DPS) ((Label for Dynamic Power Steering (DPS) Vehicle feature))":"Servosterzo dinamico (DPS)","Get a quote":"Richiedi un preventivo","suspensionsRearShocks ((Trim details property))":"Ammortizzatori posteriori","Starting at ((Label for start price of nameplate))":"Da","Starting from ((Label for start price of Trim))":"A partire da","Download spec sheet ((Label for Download Spec sheet))":"Scarica la scheda delle specifiche","Subscribe ((Label for a subscription button))":"Iscriviti","Smart Lok Differential ((Label for Smart Lok Differential Vehicle feature))":"Smart Lok Differential","Performance Shocks ((Label for Performance Shocks Vehicle feature))":"Ammortizzatori Performance","Rock Crawling ((Label for Rock Crawling usage option))":"Arrampicata","{0} with transportation and preparation. ((Product price including transportation and preparation))":"{0} Prezzo include VAT ma esclude costi di consegna e di registrazione.","Recreation-Utility ((Label for Recreation utility usage option))":"Unita' ricreativa","Youth ((Label for Youth usage option))":"Gioventu'","Riding Style ((Label for riding style hmc module))":"Stile di guida","Playful ((Label for Playful ride type option))":"Brioso","Aggressive ((Label for Aggressive ride type option))":"Grintoso","Relaxed ((Label for Relaxed ride type option))":"Rilassato","Seating ((Label for seating hmc module))":"Posti","Riding Time ((Label for riding time hmc module))":"Tempo di guida","How long do you typically ride? ((Label for how long hmc module))":"In genere quanto dura la tua corsa?","How long do you typically ride? ((Label for riding time hmc module))":"In genere quanto dura la tua corsa?","Quick rides ((Label for Quick rides type option))":"Breve","Medium cruises ((Label for Medium cruises type option))":"Medio","Just shy of forever ((Label for Just shy of forever type option))":"Lungo","Water Type ((Label for water type hmc module))":"Tipo di superficie dell'acqua","Which type of water is your playground? ((Label for playground hmc module))":"Su che tipo di superficie dell\u2019acqua in genere vai?","Which type of water is your playground? ((Label for water type hmc module))":"Su che tipo di superficie dell\u2019acqua in genere vai?","Calm ((Label for Calm type option))":"Per lo più piatta","Choppy ((Label for Choppy type option))":"Mossa","Wavey ((Label for Wavey type option))":"Onde forti","Speed ((Label for speed hmc module))":"Velocità","Are you more of a cruiser, or white knuckle rider? ((Label for speed hmc module))":"Quanto è importante la velocità?","Are you more of a cruiser, or white knuckle rider? ((Label for speed type hmc module))":"Quanto è importante la velocità?","Crusin ((Label for Crusin type option))":"Non molto","Keeping pace ((Label for Keeping pace type option))":"Abbastanza","Full-throttle ((Label for Full-throttle type option))":"Molto","Comfort ((Label for comfort hmc module))":"Comfort","Do you like a comfortable ride, or a more real feel? ((Label for comfort hmc module))":"Quanto e' importante il comfort?","Do you like a comfortable ride, or a more real feel? ((Label for comfort type hmc module))":"Quanto e' importante il comfort?","Real Baby! ((Label for Real Baby! type option))":"Non molto","Real baby! ((Label for Real Baby! type option))":"Non molto","Real, Baby! ((Label for Real Baby! type option))":"Non molto","Real, baby! ((Label for Real Baby! type option))":"Non molto","In between ((Label for In between type option))":"Abbastanza","Keep it cushy ((Label for Keep it cushy type option))":"Molto","Manoeuvring &amp; Handling ((Label for manoeuvring &amp; handling hmc module))":"Sicurezza e manovrabilità","Do you want a smooth handling or more responsive watercraft? ((Label for handling type hmc module))":"Quanto è importante la facilità di manovra e ormeggio?","Do you want a smooth handling or more responsive watercraft? ((Label for manoeuvring &amp; handling hmc module))":"Quanto è importante la facilità di manovra e ormeggio?","Smooth ((Label for Smooth type option))":"Non molto","Smooth ((Label for manoeuvring &amp; handling option))":"Non molto","Smooth ((Label for smooth type option))":"Non molto","Responsive ((Label for Keep it cushy type option))":"Molto","Tow Sports ((Label for tow sports hmc module))":"Sport a traino","Everyone rides their Sea-Doo watercraft differently\u2014how do you ride? ((Label for riding style hmc module))":"Qual è il tuo stile di guida?","Do you participate in tow sports? ((Label for tow sports type hmc module))":"Pratichi sport a traino?","Do you participate in tow sports? ((Label for two sports hmc module))":"Pratichi sport a traino?","Rarely ((Label for Rarely type option))":"Raramente","Rarely ((Label for rarely type option))":"Raramente","Rarely ((Label for tow sports option))":"Raramente","Sometimes ((Label for Sometimes type option))":"A volte","Sometimes ((Label for sometimes type option))":"","Sometimes ((Label for tow sports option))":"A volte","Let's Shred! ((Label for Let's Shred! type option))":"Spesso","Let's Shred! ((Label for lets shred! type option))":"Spesso","Let's Shred! ((Label for tow sports option))":"Spesso","Price ((Label for price hmc module))":"Prezzo","capacityRiderCapacity ((Trim details property))":"Posti disponibili","capacityWeightCapacity ((Trim details property))":"Portata","capacityFuelCapacity ((Trim details property))":"Capacità del serbatoio","capacityStorageCapacityGloveBox ((Trim details property))":"Capacità di carico - Vano portaoggetti","capacityStorageCapacityFrontBin ((Trim details property))":"Capacità di carico - Gavone di prua","dimensionsCapacitiesLength ((Trim details property))":"Lunghezza","vehicleDimensionsHeight ((Trim details property))":"Altezza","hullType ((Trim details property))":"Scafo Tipo","hullMaterial ((Trim details property))":"Materiale","engineHorsepower ((Trim details property))":"Sistema di aspirazione","engineIntakeSystem ((Trim details property))":"Sistema di aspirazione","EngineDisplacement ((Trim details property))":"Cilindrata","engineCooling ((Trim details property))":"Raffreddamento","engineReverseSystem ((Trim details property))":"Sistema di retromarcia","capacityFuelType ((Trim details property))":"Tipo di carburante","engineFuelType ((Trim details property))":"Tipo di carburante","engineThrottleSystem ((Trim details property))":"Sistema di accelerazione","engineExhaustSystem ((Trim details property))":"Sistema di scarico","gaugeTypeOfGauge ((Trim details property))":"Tipo di indicatore","gaugeMainFunctions ((Trim details property))":"Funzioni principali","instrumentationMainFunctions ((Trim details property))":"Funzioni principali","dimensionsCapacitiesDryWeight ((Trim details property))":"Peso a secco","engineType ((Trim details property))":"Tipo","Capacity":"Capacità","Features":"Caratteristiche","Hull":"Scafo","Gauge":"Indicatore","warrantyWarranty ((Trim details property))":"Garanzia","featuresFeatures ((Trim details property))":"Caratteristiche","capacityStorageCapacityLinQFishingCooler ((Trim details property))":"Refrigeratore LinQ™ per il pescato","dimensionsCapacitiesTailgateLoadCapacity ((Trim details property))":"Capacità di carico della sponda posteriore","dimensionsCapacitiesRackCapacity ((Trim details property))":"Capacità portapacchi","dimensionsCapacitiesCargoBoxCapacity ((Trim details property))":"Capacità del vano di carico","Find a dealer":"Trova un concessionario","MSRP Entry Package ((Model price disclaimer))":"Prezzo include VAT ma esclude costi di consegna e di registrazione.","Starting from":"A partire da","brakesRear ((Trim details property))":"Posteriori","dimensionsCapacitiesHeight ((Trim details property))":"Altezza","Transportation and preparation not included. ((Label for Model price disclaimer))":"","Filters ":"Filtri","Dealer":"concessionario","Rental ":"Noleggio","BRANDS":"MARCHI","kilometers away":"chilometri d... (set the log level to DEBUG or TRACE to see the full content) 
 </msg>
<msg time="2024-09-29T09:33:21.542725" level="INFO">${RESPONSE} = &lt;Response [200]&gt;</msg>
<var>${RESPONSE}</var>
<arg>filters</arg>
<arg>url=${URL_DICTIONARY}</arg>
<doc>Sends a GET request on a previously created HTTP Session.</doc>
<status status="PASS" start="2024-09-29T09:33:20.190864" elapsed="1.351861"/>
</kw>
<kw name="Set Global Variable" owner="BuiltIn">
<msg time="2024-09-29T09:33:21.542725" level="INFO">${RESPONSE} = &lt;Response [200]&gt;</msg>
<arg>${RESPONSE}</arg>
<doc>Makes a variable available globally in all tests and suites.</doc>
<status status="PASS" start="2024-09-29T09:33:21.542725" elapsed="0.000000"/>
</kw>
<arg>${URL_DICTIONARY}</arg>
<status status="PASS" start="2024-09-29T09:33:20.190864" elapsed="1.351861"/>
</kw>
<kw name="THEN the user checks the translations for the texts: &quot;${MODELS}&quot;, &quot;${ENDS_ON_POW}, &quot;${ENDS_ON}&quot;, &quot;${DEAL_AND_OFFERS}&quot;" owner="filter_keywords" source_name="THEN the user checks the translations for the texts: &quot;${MODELS}&quot;, &quot;${ENDS_ON_POW}, &quot;${ENDS_ON}&quot;, &quot;${DEAL_AND_OFFERS}&quot;">
<kw name="Should Be Equal" owner="BuiltIn">
<arg>${RESPONSE.json()['Models']}</arg>
<arg>${MODELS}</arg>
<doc>Fails if the given objects are unequal.</doc>
<status status="PASS" start="2024-09-29T09:33:21.542725" elapsed="0.021882"/>
</kw>
<kw name="Log" owner="BuiltIn">
<msg time="2024-09-29T09:33:21.575029" level="INFO">Modelli</msg>
<arg>${RESPONSE.json()['Models']}</arg>
<doc>Logs the given message with the given level.</doc>
<status status="PASS" start="2024-09-29T09:33:21.564607" elapsed="0.010422"/>
</kw>
<kw name="Should Be Equal" owner="BuiltIn">
<arg>${RESPONSE.json()['Ends on ((POW))']}</arg>
<arg>${ENDS_ON_POW}</arg>
<doc>Fails if the given objects are unequal.</doc>
<status status="PASS" start="2024-09-29T09:33:21.575029" elapsed="0.005815"/>
</kw>
<kw name="Log" owner="BuiltIn">
<msg time="2024-09-29T09:33:21.591637" level="INFO">Termina il {0}</msg>
<arg>${RESPONSE.json()['Ends on ((POW))']}</arg>
<doc>Logs the given message with the given level.</doc>
<status status="PASS" start="2024-09-29T09:33:21.580844" elapsed="0.010793"/>
</kw>
<kw name="Should Be Equal" owner="BuiltIn">
<arg>${RESPONSE.json()['Ends on']}</arg>
<arg>${ENDS_ON}</arg>
<doc>Fails if the given objects are unequal.</doc>
<status status="PASS" start="2024-09-29T09:33:21.591637" elapsed="0.015644"/>
</kw>
<kw name="Log" owner="BuiltIn">
<msg time="2024-09-29T09:33:21.610900" level="INFO">Termina il</msg>
<arg>${RESPONSE.json()['Ends on']}</arg>
<doc>Logs the given message with the given level.</doc>
<status status="PASS" start="2024-09-29T09:33:21.608296" elapsed="0.002604"/>
</kw>
<kw name="Should Be Equal" owner="BuiltIn">
<arg>${RESPONSE.json()['Deal and offers']}</arg>
<arg>${DEAL_AND_OFFERS}</arg>
<doc>Fails if the given objects are unequal.</doc>
<status status="PASS" start="2024-09-29T09:33:21.610900" elapsed="0.017842"/>
</kw>
<kw name="Log" owner="BuiltIn">
<msg time="2024-09-29T09:33:21.644253" level="INFO">Deal and offers</msg>
<arg>${RESPONSE.json()['Deal and offers']}</arg>
<doc>Logs the given message with the given level.</doc>
<status status="PASS" start="2024-09-29T09:33:21.628742" elapsed="0.015511"/>
</kw>
<status status="PASS" start="2024-09-29T09:33:21.542725" elapsed="0.101528"/>
</kw>
<arg>${url_dictionary}</arg>
<arg>${models}</arg>
<arg>${ends_on_pow}</arg>
<arg>${ends_on}</arg>
<arg>${deal_and_offers}</arg>
<status status="PASS" start="2024-09-29T09:33:20.190864" elapsed="1.453389"/>
</kw>
<arg>Scenario Outline 01 - Verify translations for Ends on and Models on Promotion Page and Promotion Banner</arg>
<arg>${url_dictionary}</arg>
<arg>${models}</arg>
<arg>${ends_on_pow}</arg>
<arg>${ends_on}</arg>
<arg>${deal_and_offers}</arg>
<doc>Runs the keyword and continues execution even if a failure occurs.</doc>
<status status="PASS" start="2024-09-29T09:33:20.190864" elapsed="1.453389"/>
</kw>
<var name="${lang}">IT</var>
<status status="PASS" start="2024-09-29T09:33:20.190864" elapsed="1.453389"/>
</iter>
<var>${lang}</var>
<value>@{LANGUAGES}</value>
<status status="PASS" start="2024-09-29T09:33:13.817844" elapsed="7.826409"/>
</for>
<status status="PASS" start="2024-09-29T09:33:13.817844" elapsed="7.826409"/>
</test>
<doc>[https://pabot.org/?ref=log|Pabot] result from 1 executions.</doc>
<status status="PASS" start="2024-09-29T09:33:13.707000" elapsed="7.936617"/>
</suite>
<statistics>
<total>
<stat pass="1" fail="0" skip="0">All Tests</stat>
</total>
<tag>
</tag>
<suite>
<stat pass="1" fail="0" skip="0" id="s1" name="Test2">Test2</stat>
</suite>
</statistics>
<errors>
</errors>
</robot>
